[32m2024-10-03 19:56:21 [info]  new event triggered, now events: 1          [39m 
[34m2024-10-03 19:56:21 [debug] event data:                                 [39m context={"data":{"createdAt":"2024-10-03T11:41:05.729Z","updatedAt":"2024-10-03T11:56:21.827Z","leave_start":"2024-10-10","id":6,"leave_end":"2024-10-14","leave_reason":null,"f_c0hqqeccj69":1,"manager_approval":"approved","hr_approval":"rejected","createdById":1,"updatedById":1,"leave_status":null,"f_ik5jludznp0":1}}
[32m2024-10-03 19:56:21 [info]  preparing execution for event               [39m 
[32m2024-10-03 19:56:21 [info]  execution of workflow 11 created as 24      [39m 
[32m2024-10-03 19:56:21 [info]  pending execution (24) ready to process     [39m 
[32m2024-10-03 19:56:21 [info]  execution (24) starting...                  [39m 
[32m2024-10-03 19:56:21 [info]  execution (24) run instruction [query] for node (56)[39m 
[34m2024-10-03 19:56:21 [debug] config of node                              [39m data={"multiple":false,"collection":"leaves","params":{"filter":{"$and":[{"id":{"$eq":"{{$context.data.id}}"}}]},"sort":[],"page":1,"pageSize":20,"appends":[]},"failOnEmpty":false}
[32m2024-10-03 19:56:21 [info]  execution (24) run instruction [query] for node (56) finished as status: 1[39m 
[34m2024-10-03 19:56:21 [debug] result of node                              [39m data={"createdAt":"2024-10-03T11:41:05.729Z","updatedAt":"2024-10-03T11:56:21.827Z","leave_start":"2024-10-10","id":6,"leave_end":"2024-10-14","leave_reason":null,"f_c0hqqeccj69":1,"manager_approval":"approved","hr_approval":"rejected","createdById":1,"updatedById":1,"leave_status":null,"f_ik5jludznp0":1}
[34m2024-10-03 19:56:21 [debug] run next node (55)                          [39m 
[32m2024-10-03 19:56:21 [info]  execution (24) run instruction [parallel] for node (55)[39m 
[34m2024-10-03 19:56:21 [debug] config of node                              [39m data={"mode":"any"}
[32m2024-10-03 19:56:21 [info]  execution (24) run instruction [condition] for node (57)[39m 
[34m2024-10-03 19:56:21 [debug] config of node                              [39m data={"rejectOnFalse":true,"engine":"basic","calculation":{"group":{"type":"and","calculations":[{"calculator":"equal","operands":["{{$context.data.manager_approval}}","approved"]},{"calculator":"equal","operands":["{{$context.data.hr_approval}}","approved"]}]}}}
[32m2024-10-03 19:56:21 [info]  execution (24) run instruction [condition] for node (57) finished as status: -1[39m 
[34m2024-10-03 19:56:21 [debug] result of node                              [39m 
[34m2024-10-03 19:56:21 [debug] branch ended at node (57)                   [39m 
[34m2024-10-03 19:56:21 [debug] not on main, recall to parent entry node (57)})[39m 
[32m2024-10-03 19:56:21 [info]  execution (24) run instruction [parallel] for node (55)[39m 
[34m2024-10-03 19:56:21 [debug] config of node                              [39m data={"mode":"any"}
[32m2024-10-03 19:56:21 [info]  execution (24) exiting with status 0        [39m 
[32m2024-10-03 19:56:21 [info]  execution (24) run instruction [condition] for node (58)[39m 
[34m2024-10-03 19:56:21 [debug] config of node                              [39m data={"rejectOnFalse":true,"engine":"basic","calculation":{"group":{"type":"or","calculations":[{"calculator":"equal","operands":["{{$jobsMapByNodeKey.m1fk4k4bpez.manager_approval}}","rejected"]},{"calculator":"equal","operands":["{{$jobsMapByNodeKey.m1fk4k4bpez.hr_approval}}","rejected"]}]}}}
[32m2024-10-03 19:56:21 [info]  execution (24) run instruction [condition] for node (58) finished as status: 1[39m 
[34m2024-10-03 19:56:21 [debug] result of node                              [39m data=true
[34m2024-10-03 19:56:21 [debug] run next node (60)                          [39m 
[32m2024-10-03 19:56:21 [info]  execution (24) run instruction [update] for node (60)[39m 
[34m2024-10-03 19:56:21 [debug] config of node                              [39m data={"usingAssignFormSchema":true,"assignFormSchema":{"_isJSONSchemaObject":true,"version":"2.0","name":"dy00wgqsb5j","type":"void","x-component":"Grid","x-initializer":"assignFieldValuesForm:configureFields","properties":{"x8p7lolkn0b":{"_isJSONSchemaObject":true,"version":"2.0","type":"void","x-component":"Grid.Row","properties":{"om1axsehcb2":{"_isJSONSchemaObject":true,"version":"2.0","type":"void","x-component":"Grid.Col","properties":{"leave_status":{"_isJSONSchemaObject":true,"version":"2.0","type":"string","name":"leave_status","title":"Leave Status","x-toolbar":"FormItemSchemaToolbar","x-settings":"fieldSettings:FormItem","x-component":"AssignedField","x-decorator":"FormItem","x-collection-field":"leaves.leave_status","x-component-props":{"style":{"width":"100%"}}}},"name":"om1axsehcb2"}},"name":"x8p7lolkn0b"}}},"collection":"leaves","params":{"individualHooks":false,"filter":{"$and":[{"id":{"$eq":"{{$context.data.id}}"}}]},"values":{"leave_status":"rejected"}}}
[32m2024-10-03 19:56:21 [info]  execution (24) run instruction [update] for node (60) finished as status: 1[39m 
[34m2024-10-03 19:56:21 [debug] result of node                              [39m data=1
[34m2024-10-03 19:56:21 [debug] branch ended at node (60)                   [39m 
[34m2024-10-03 19:56:21 [debug] not on main, recall to parent entry node (60)})[39m 
[32m2024-10-03 19:56:21 [info]  execution (24) run instruction [parallel] for node (55)[39m 
[34m2024-10-03 19:56:21 [debug] config of node                              [39m data={"mode":"any"}
[32m2024-10-03 19:56:21 [info]  execution (24) run instruction [parallel] for node (55) finished as status: 1[39m 
[34m2024-10-03 19:56:21 [debug] result of node                              [39m data=[-1,1]
[34m2024-10-03 19:56:21 [debug] branch ended at node (55)                   [39m 
[32m2024-10-03 19:56:21 [info]  execution (24) exiting with status 1        [39m 
[32m2024-10-03 19:56:21 [info]  execution (24) finished with status: 1      [39m execution={"id":24,"context":{"data":{"createdAt":"2024-10-03T11:41:05.729Z","updatedAt":"2024-10-03T11:56:21.827Z","leave_start":"2024-10-10","id":6,"leave_end":"2024-10-14","leave_reason":null,"f_c0hqqeccj69":1,"manager_approval":"approved","hr_approval":"rejected","createdById":1,"updatedById":1,"leave_status":null,"f_ik5jludznp0":1}},"key":"hyxyfublqa3","eventKey":"79c9b1f6-095c-499b-af71-82572596e981","status":1,"workflowId":11,"updatedAt":"2024-10-03T11:56:21.872Z","createdAt":"2024-10-03T11:56:21.839Z"}
[32m2024-10-03 19:56:28 [info]  new event triggered, now events: 1          [39m 
[34m2024-10-03 19:56:28 [debug] event data:                                 [39m context={"data":{"createdAt":"2024-10-03T11:41:05.729Z","updatedAt":"2024-10-03T11:56:28.751Z","leave_start":"2024-10-10","id":6,"leave_end":"2024-10-14","leave_reason":null,"f_c0hqqeccj69":1,"manager_approval":"approved","hr_approval":"approved","createdById":1,"updatedById":1,"leave_status":"rejected","f_ik5jludznp0":1}}
[32m2024-10-03 19:56:28 [info]  preparing execution for event               [39m 
[32m2024-10-03 19:56:28 [info]  execution of workflow 11 created as 25      [39m 
[32m2024-10-03 19:56:28 [info]  pending execution (25) ready to process     [39m 
[32m2024-10-03 19:56:28 [info]  execution (25) starting...                  [39m 
[32m2024-10-03 19:56:28 [info]  execution (25) run instruction [query] for node (56)[39m 
[34m2024-10-03 19:56:28 [debug] config of node                              [39m data={"multiple":false,"collection":"leaves","params":{"filter":{"$and":[{"id":{"$eq":"{{$context.data.id}}"}}]},"sort":[],"page":1,"pageSize":20,"appends":[]},"failOnEmpty":false}
[32m2024-10-03 19:56:28 [info]  execution (25) run instruction [query] for node (56) finished as status: 1[39m 
[34m2024-10-03 19:56:28 [debug] result of node                              [39m data={"createdAt":"2024-10-03T11:41:05.729Z","updatedAt":"2024-10-03T11:56:28.751Z","leave_start":"2024-10-10","id":6,"leave_end":"2024-10-14","leave_reason":null,"f_c0hqqeccj69":1,"manager_approval":"approved","hr_approval":"approved","createdById":1,"updatedById":1,"leave_status":"rejected","f_ik5jludznp0":1}
[34m2024-10-03 19:56:28 [debug] run next node (55)                          [39m 
[32m2024-10-03 19:56:28 [info]  execution (25) run instruction [parallel] for node (55)[39m 
[34m2024-10-03 19:56:28 [debug] config of node                              [39m data={"mode":"any"}
[32m2024-10-03 19:56:28 [info]  execution (25) run instruction [condition] for node (57)[39m 
[34m2024-10-03 19:56:28 [debug] config of node                              [39m data={"rejectOnFalse":true,"engine":"basic","calculation":{"group":{"type":"and","calculations":[{"calculator":"equal","operands":["{{$context.data.manager_approval}}","approved"]},{"calculator":"equal","operands":["{{$context.data.hr_approval}}","approved"]}]}}}
[32m2024-10-03 19:56:28 [info]  execution (25) run instruction [condition] for node (57) finished as status: 1[39m 
[34m2024-10-03 19:56:28 [debug] result of node                              [39m data=true
[34m2024-10-03 19:56:28 [debug] run next node (59)                          [39m 
[32m2024-10-03 19:56:28 [info]  execution (25) run instruction [update] for node (59)[39m 
[34m2024-10-03 19:56:28 [debug] config of node                              [39m data={"usingAssignFormSchema":true,"assignFormSchema":{"_isJSONSchemaObject":true,"version":"2.0","name":"sh58ochp4ce","type":"void","x-component":"Grid","x-initializer":"assignFieldValuesForm:configureFields","properties":{"pwcujj7mrkd":{"_isJSONSchemaObject":true,"version":"2.0","type":"void","x-component":"Grid.Row","properties":{"6eublyjbmjj":{"_isJSONSchemaObject":true,"version":"2.0","type":"void","x-component":"Grid.Col","properties":{"leave_status":{"_isJSONSchemaObject":true,"version":"2.0","type":"string","name":"leave_status","title":"Leave Status","x-toolbar":"FormItemSchemaToolbar","x-settings":"fieldSettings:FormItem","x-component":"AssignedField","x-decorator":"FormItem","x-collection-field":"leaves.leave_status","x-component-props":{"style":{"width":"100%"}}}},"name":"6eublyjbmjj"}},"name":"pwcujj7mrkd"}}},"collection":"leaves","params":{"individualHooks":false,"filter":{"$and":[{"id":{"$eq":"{{$context.data.id}}"}}]},"values":{"leave_status":"approved"}}}
[32m2024-10-03 19:56:28 [info]  execution (25) run instruction [update] for node (59) finished as status: 1[39m 
[34m2024-10-03 19:56:28 [debug] result of node                              [39m data=1
[34m2024-10-03 19:56:28 [debug] branch ended at node (59)                   [39m 
[34m2024-10-03 19:56:28 [debug] not on main, recall to parent entry node (59)})[39m 
[32m2024-10-03 19:56:28 [info]  execution (25) run instruction [parallel] for node (55)[39m 
[34m2024-10-03 19:56:28 [debug] config of node                              [39m data={"mode":"any"}
[32m2024-10-03 19:56:28 [info]  execution (25) run instruction [parallel] for node (55) finished as status: 1[39m 
[34m2024-10-03 19:56:28 [debug] result of node                              [39m data=[1,null]
[34m2024-10-03 19:56:28 [debug] branch ended at node (55)                   [39m 
[32m2024-10-03 19:56:28 [info]  execution (25) exiting with status 1        [39m 
[32m2024-10-03 19:56:28 [info]  execution (25) finished with status: 1      [39m execution={"id":25,"context":{"data":{"createdAt":"2024-10-03T11:41:05.729Z","updatedAt":"2024-10-03T11:56:28.751Z","leave_start":"2024-10-10","id":6,"leave_end":"2024-10-14","leave_reason":null,"f_c0hqqeccj69":1,"manager_approval":"approved","hr_approval":"approved","createdById":1,"updatedById":1,"leave_status":"rejected","f_ik5jludznp0":1}},"key":"hyxyfublqa3","eventKey":"9c7f7e52-c1e7-4750-84d6-503e404df7d2","status":1,"workflowId":11,"updatedAt":"2024-10-03T11:56:28.783Z","createdAt":"2024-10-03T11:56:28.759Z"}
[32m2024-10-03 19:59:21 [info]  new event triggered, now events: 1          [39m 
[34m2024-10-03 19:59:21 [debug] event data:                                 [39m context={"data":{"createdAt":"2024-10-03T11:58:41.922Z","updatedAt":"2024-10-03T11:59:21.853Z","leave_start":"2024-10-15","id":7,"leave_end":"2024-10-18","leave_reason":"travel","f_c0hqqeccj69":3,"manager_approval":"approved","hr_approval":"pending","createdById":3,"updatedById":2,"leave_status":null,"f_ik5jludznp0":2}}
[32m2024-10-03 19:59:21 [info]  preparing execution for event               [39m 
[32m2024-10-03 19:59:21 [info]  execution of workflow 11 created as 26      [39m 
[32m2024-10-03 19:59:21 [info]  pending execution (26) ready to process     [39m 
[32m2024-10-03 19:59:21 [info]  execution (26) starting...                  [39m 
[32m2024-10-03 19:59:21 [info]  execution (26) run instruction [query] for node (56)[39m 
[34m2024-10-03 19:59:21 [debug] config of node                              [39m data={"multiple":false,"collection":"leaves","params":{"filter":{"$and":[{"id":{"$eq":"{{$context.data.id}}"}}]},"sort":[],"page":1,"pageSize":20,"appends":[]},"failOnEmpty":false}
[32m2024-10-03 19:59:21 [info]  execution (26) run instruction [query] for node (56) finished as status: 1[39m 
[34m2024-10-03 19:59:21 [debug] result of node                              [39m data={"createdAt":"2024-10-03T11:58:41.922Z","updatedAt":"2024-10-03T11:59:21.853Z","leave_start":"2024-10-15","id":7,"leave_end":"2024-10-18","leave_reason":"travel","f_c0hqqeccj69":3,"manager_approval":"approved","hr_approval":"pending","createdById":3,"updatedById":2,"leave_status":null,"f_ik5jludznp0":2}
[34m2024-10-03 19:59:21 [debug] run next node (55)                          [39m 
[32m2024-10-03 19:59:21 [info]  execution (26) run instruction [parallel] for node (55)[39m 
[34m2024-10-03 19:59:21 [debug] config of node                              [39m data={"mode":"any"}
[32m2024-10-03 19:59:21 [info]  execution (26) run instruction [condition] for node (57)[39m 
[34m2024-10-03 19:59:21 [debug] config of node                              [39m data={"rejectOnFalse":true,"engine":"basic","calculation":{"group":{"type":"and","calculations":[{"calculator":"equal","operands":["{{$context.data.manager_approval}}","approved"]},{"calculator":"equal","operands":["{{$context.data.hr_approval}}","approved"]}]}}}
[32m2024-10-03 19:59:21 [info]  execution (26) run instruction [condition] for node (57) finished as status: -1[39m 
[34m2024-10-03 19:59:21 [debug] result of node                              [39m 
[34m2024-10-03 19:59:21 [debug] branch ended at node (57)                   [39m 
[34m2024-10-03 19:59:21 [debug] not on main, recall to parent entry node (57)})[39m 
[32m2024-10-03 19:59:21 [info]  execution (26) run instruction [parallel] for node (55)[39m 
[34m2024-10-03 19:59:21 [debug] config of node                              [39m data={"mode":"any"}
[32m2024-10-03 19:59:21 [info]  execution (26) exiting with status 0        [39m 
[32m2024-10-03 19:59:21 [info]  execution (26) run instruction [condition] for node (58)[39m 
[34m2024-10-03 19:59:21 [debug] config of node                              [39m data={"rejectOnFalse":true,"engine":"basic","calculation":{"group":{"type":"or","calculations":[{"calculator":"equal","operands":["{{$jobsMapByNodeKey.m1fk4k4bpez.manager_approval}}","rejected"]},{"calculator":"equal","operands":["{{$jobsMapByNodeKey.m1fk4k4bpez.hr_approval}}","rejected"]}]}}}
[32m2024-10-03 19:59:21 [info]  execution (26) run instruction [condition] for node (58) finished as status: -1[39m 
[34m2024-10-03 19:59:21 [debug] result of node                              [39m 
[34m2024-10-03 19:59:21 [debug] branch ended at node (58)                   [39m 
[34m2024-10-03 19:59:21 [debug] not on main, recall to parent entry node (58)})[39m 
[32m2024-10-03 19:59:21 [info]  execution (26) run instruction [parallel] for node (55)[39m 
[34m2024-10-03 19:59:21 [debug] config of node                              [39m data={"mode":"any"}
[32m2024-10-03 19:59:21 [info]  execution (26) run instruction [parallel] for node (55) finished as status: -1[39m 
[34m2024-10-03 19:59:21 [debug] result of node                              [39m data=[-1,-1]
[34m2024-10-03 19:59:21 [debug] branch ended at node (55)                   [39m 
[32m2024-10-03 19:59:21 [info]  execution (26) exiting with status -1       [39m 
[32m2024-10-03 19:59:21 [info]  execution (26) finished with status: -1     [39m execution={"id":26,"context":{"data":{"createdAt":"2024-10-03T11:58:41.922Z","updatedAt":"2024-10-03T11:59:21.853Z","leave_start":"2024-10-15","id":7,"leave_end":"2024-10-18","leave_reason":"travel","f_c0hqqeccj69":3,"manager_approval":"approved","hr_approval":"pending","createdById":3,"updatedById":2,"leave_status":null,"f_ik5jludznp0":2}},"key":"hyxyfublqa3","eventKey":"88aee137-b2e1-4a50-be16-4e3e8dbabbfd","status":-1,"workflowId":11,"updatedAt":"2024-10-03T11:59:21.889Z","createdAt":"2024-10-03T11:59:21.859Z"}
[32m2024-10-03 19:59:43 [info]  new event triggered, now events: 1          [39m 
[34m2024-10-03 19:59:43 [debug] event data:                                 [39m context={"data":{"createdAt":"2024-10-03T11:58:41.922Z","updatedAt":"2024-10-03T11:59:43.752Z","leave_start":"2024-10-15","id":7,"leave_end":"2024-10-18","leave_reason":"travel","f_c0hqqeccj69":3,"manager_approval":"approved","hr_approval":"approved","createdById":3,"updatedById":4,"leave_status":null,"f_ik5jludznp0":2}}
[32m2024-10-03 19:59:43 [info]  preparing execution for event               [39m 
[32m2024-10-03 19:59:43 [info]  execution of workflow 11 created as 27      [39m 
[32m2024-10-03 19:59:43 [info]  pending execution (27) ready to process     [39m 
[32m2024-10-03 19:59:43 [info]  execution (27) starting...                  [39m 
[32m2024-10-03 19:59:43 [info]  execution (27) run instruction [query] for node (56)[39m 
[34m2024-10-03 19:59:43 [debug] config of node                              [39m data={"multiple":false,"collection":"leaves","params":{"filter":{"$and":[{"id":{"$eq":"{{$context.data.id}}"}}]},"sort":[],"page":1,"pageSize":20,"appends":[]},"failOnEmpty":false}
[32m2024-10-03 19:59:43 [info]  execution (27) run instruction [query] for node (56) finished as status: 1[39m 
[34m2024-10-03 19:59:43 [debug] result of node                              [39m data={"createdAt":"2024-10-03T11:58:41.922Z","updatedAt":"2024-10-03T11:59:43.752Z","leave_start":"2024-10-15","id":7,"leave_end":"2024-10-18","leave_reason":"travel","f_c0hqqeccj69":3,"manager_approval":"approved","hr_approval":"approved","createdById":3,"updatedById":4,"leave_status":null,"f_ik5jludznp0":2}
[34m2024-10-03 19:59:43 [debug] run next node (55)                          [39m 
[32m2024-10-03 19:59:43 [info]  execution (27) run instruction [parallel] for node (55)[39m 
[34m2024-10-03 19:59:43 [debug] config of node                              [39m data={"mode":"any"}
[32m2024-10-03 19:59:43 [info]  execution (27) run instruction [condition] for node (57)[39m 
[34m2024-10-03 19:59:43 [debug] config of node                              [39m data={"rejectOnFalse":true,"engine":"basic","calculation":{"group":{"type":"and","calculations":[{"calculator":"equal","operands":["{{$context.data.manager_approval}}","approved"]},{"calculator":"equal","operands":["{{$context.data.hr_approval}}","approved"]}]}}}
[32m2024-10-03 19:59:43 [info]  execution (27) run instruction [condition] for node (57) finished as status: 1[39m 
[34m2024-10-03 19:59:43 [debug] result of node                              [39m data=true
[34m2024-10-03 19:59:43 [debug] run next node (59)                          [39m 
[32m2024-10-03 19:59:43 [info]  execution (27) run instruction [update] for node (59)[39m 
[34m2024-10-03 19:59:43 [debug] config of node                              [39m data={"usingAssignFormSchema":true,"assignFormSchema":{"_isJSONSchemaObject":true,"version":"2.0","name":"sh58ochp4ce","type":"void","x-component":"Grid","x-initializer":"assignFieldValuesForm:configureFields","properties":{"pwcujj7mrkd":{"_isJSONSchemaObject":true,"version":"2.0","type":"void","x-component":"Grid.Row","properties":{"6eublyjbmjj":{"_isJSONSchemaObject":true,"version":"2.0","type":"void","x-component":"Grid.Col","properties":{"leave_status":{"_isJSONSchemaObject":true,"version":"2.0","type":"string","name":"leave_status","title":"Leave Status","x-toolbar":"FormItemSchemaToolbar","x-settings":"fieldSettings:FormItem","x-component":"AssignedField","x-decorator":"FormItem","x-collection-field":"leaves.leave_status","x-component-props":{"style":{"width":"100%"}}}},"name":"6eublyjbmjj"}},"name":"pwcujj7mrkd"}}},"collection":"leaves","params":{"individualHooks":false,"filter":{"$and":[{"id":{"$eq":"{{$context.data.id}}"}}]},"values":{"leave_status":"approved"}}}
[32m2024-10-03 19:59:43 [info]  execution (27) run instruction [update] for node (59) finished as status: 1[39m 
[34m2024-10-03 19:59:43 [debug] result of node                              [39m data=1
[34m2024-10-03 19:59:43 [debug] branch ended at node (59)                   [39m 
[34m2024-10-03 19:59:43 [debug] not on main, recall to parent entry node (59)})[39m 
[32m2024-10-03 19:59:43 [info]  execution (27) run instruction [parallel] for node (55)[39m 
[34m2024-10-03 19:59:43 [debug] config of node                              [39m data={"mode":"any"}
[32m2024-10-03 19:59:43 [info]  execution (27) run instruction [parallel] for node (55) finished as status: 1[39m 
[34m2024-10-03 19:59:43 [debug] result of node                              [39m data=[1,null]
[34m2024-10-03 19:59:43 [debug] branch ended at node (55)                   [39m 
[32m2024-10-03 19:59:43 [info]  execution (27) exiting with status 1        [39m 
[32m2024-10-03 19:59:43 [info]  execution (27) finished with status: 1      [39m execution={"id":27,"context":{"data":{"createdAt":"2024-10-03T11:58:41.922Z","updatedAt":"2024-10-03T11:59:43.752Z","leave_start":"2024-10-15","id":7,"leave_end":"2024-10-18","leave_reason":"travel","f_c0hqqeccj69":3,"manager_approval":"approved","hr_approval":"approved","createdById":3,"updatedById":4,"leave_status":null,"f_ik5jludznp0":2}},"key":"hyxyfublqa3","eventKey":"4cfb824b-86ad-43f9-8e34-8b294537e29c","status":1,"workflowId":11,"updatedAt":"2024-10-03T11:59:43.791Z","createdAt":"2024-10-03T11:59:43.758Z"}
