[34m2024-10-06 00:49:58 [debug] create database instance: {"sync":{"alter":{"drop":false},"force":false},"logging":false,"dialect":"postgres","username":"postgres","database":"nocobase","port":"5432","timezone":"+08:00","underscored":false,"migrator":{"context":{"app":{"appName":"main","name":"main"}}},"logger":{},"rawTimezone":"+08:00"}[39m meta={"databaseInstanceId":"T1NJzal2iumai6FV-0ubH"} module=database app=main reqId=38f5c20f-01c7-4f52-b55c-b22a380030a5 dataSourceKey=main
[32m2024-10-06 00:49:58 [info]  add app main into supervisor                [39m module=application submodule=supervisor method=addApp app=main reqId=38f5c20f-01c7-4f52-b55c-b22a380030a5 dataSourceKey=main
[32m2024-10-06 00:49:58 [info]  connection has been established successfully.[39m module=database method=auth app=main reqId=38f5c20f-01c7-4f52-b55c-b22a380030a5 dataSourceKey=main
[34m2024-10-06 00:49:58 [debug] init plugins                                [39m module=application app=main reqId=38f5c20f-01c7-4f52-b55c-b22a380030a5 dataSourceKey=main
[34m2024-10-06 00:49:59 [debug] loading app...                              [39m module=application app=main reqId=38f5c20f-01c7-4f52-b55c-b22a380030a5 dataSourceKey=main
[34m2024-10-06 00:49:59 [debug] loading plugins...                          [39m module=application app=main reqId=38f5c20f-01c7-4f52-b55c-b22a380030a5 dataSourceKey=main
[34m2024-10-06 00:49:59 [debug] plugins loaded                              [39m module=application app=main reqId=38f5c20f-01c7-4f52-b55c-b22a380030a5 dataSourceKey=main
[34m2024-10-06 00:49:59 [debug] loading locale resource...                  [39m module=application submodule=locale method=onAfterLoad app=main reqId=38f5c20f-01c7-4f52-b55c-b22a380030a5 dataSourceKey=main
[34m2024-10-06 00:49:59 [debug] locale resource loaded                      [39m module=application submodule=locale method=onAfterLoad app=main reqId=38f5c20f-01c7-4f52-b55c-b22a380030a5 dataSourceKey=main
[34m2024-10-06 00:49:59 [debug] starting app...                             [39m module=application app=main reqId=38f5c20f-01c7-4f52-b55c-b22a380030a5 dataSourceKey=main
[34m2024-10-06 00:49:59 [debug] loading custom collections                  [39m module=data-source-main method=loadCollections app=main reqId=38f5c20f-01c7-4f52-b55c-b22a380030a5 dataSourceKey=main
[34m2024-10-06 00:49:59 [debug] loading collections...                      [39m module=database app=main reqId=38f5c20f-01c7-4f52-b55c-b22a380030a5 dataSourceKey=main
[34m2024-10-06 00:49:59 [debug] collections loaded                          [39m module=database app=main reqId=38f5c20f-01c7-4f52-b55c-b22a380030a5 dataSourceKey=main
[32m2024-10-06 00:49:59 [info]  write roles to ACL                          [39m module=acl method=writeRolesToACL app=main reqId=38f5c20f-01c7-4f52-b55c-b22a380030a5 dataSourceKey=main
[32m2024-10-06 00:49:59 [info]  app has been started                        [39m module=application app=main reqId=38f5c20f-01c7-4f52-b55c-b22a380030a5 dataSourceKey=main
[34m2024-10-06 00:52:47 [debug] create database instance: {"sync":{"alter":{"drop":false},"force":false},"logging":false,"dialect":"postgres","username":"postgres","database":"nocobase","port":"5432","timezone":"+08:00","underscored":false,"migrator":{"context":{"app":{"appName":"main","name":"main"}}},"logger":{},"rawTimezone":"+08:00"}[39m meta={"databaseInstanceId":"R1otiDr_UaWJxyCn2WljV"} module=database app=main reqId=c0764974-69ad-4ffe-a5ff-942d14874632 dataSourceKey=main
[32m2024-10-06 00:52:47 [info]  add app main into supervisor                [39m module=application submodule=supervisor method=addApp app=main reqId=c0764974-69ad-4ffe-a5ff-942d14874632 dataSourceKey=main
[32m2024-10-06 00:52:47 [info]  connection has been established successfully.[39m module=database method=auth app=main reqId=c0764974-69ad-4ffe-a5ff-942d14874632 dataSourceKey=main
[34m2024-10-06 00:52:47 [debug] init plugins                                [39m module=application app=main reqId=c0764974-69ad-4ffe-a5ff-942d14874632 dataSourceKey=main
[34m2024-10-06 00:52:48 [debug] loading app...                              [39m module=application app=main reqId=c0764974-69ad-4ffe-a5ff-942d14874632 dataSourceKey=main
[34m2024-10-06 00:52:48 [debug] loading plugins...                          [39m module=application app=main reqId=c0764974-69ad-4ffe-a5ff-942d14874632 dataSourceKey=main
[34m2024-10-06 00:52:48 [debug] plugins loaded                              [39m module=application app=main reqId=c0764974-69ad-4ffe-a5ff-942d14874632 dataSourceKey=main
[34m2024-10-06 00:52:48 [debug] loading locale resource...                  [39m module=application submodule=locale method=onAfterLoad app=main reqId=c0764974-69ad-4ffe-a5ff-942d14874632 dataSourceKey=main
[34m2024-10-06 00:52:48 [debug] locale resource loaded                      [39m module=application submodule=locale method=onAfterLoad app=main reqId=c0764974-69ad-4ffe-a5ff-942d14874632 dataSourceKey=main
[34m2024-10-06 00:52:48 [debug] starting app...                             [39m module=application app=main reqId=c0764974-69ad-4ffe-a5ff-942d14874632 dataSourceKey=main
[34m2024-10-06 00:52:48 [debug] loading custom collections                  [39m module=data-source-main method=loadCollections app=main reqId=c0764974-69ad-4ffe-a5ff-942d14874632 dataSourceKey=main
[34m2024-10-06 00:52:48 [debug] loading collections...                      [39m module=database app=main reqId=c0764974-69ad-4ffe-a5ff-942d14874632 dataSourceKey=main
[34m2024-10-06 00:52:48 [debug] collections loaded                          [39m module=database app=main reqId=c0764974-69ad-4ffe-a5ff-942d14874632 dataSourceKey=main
[32m2024-10-06 00:52:49 [info]  write roles to ACL                          [39m module=acl method=writeRolesToACL app=main reqId=c0764974-69ad-4ffe-a5ff-942d14874632 dataSourceKey=main
[32m2024-10-06 00:52:49 [info]  app has been started                        [39m module=application app=main reqId=c0764974-69ad-4ffe-a5ff-942d14874632 dataSourceKey=main
[34m2024-10-06 00:54:31 [debug] create database instance: {"sync":{"alter":{"drop":false},"force":false},"logging":false,"dialect":"postgres","username":"postgres","database":"nocobase","port":"5432","timezone":"+08:00","underscored":false,"migrator":{"context":{"app":{"appName":"main","name":"main"}}},"logger":{},"rawTimezone":"+08:00"}[39m meta={"databaseInstanceId":"7ACtlqARAyDz1KjNAXZjA"} module=database app=main reqId=f0014843-e0bc-441b-b2b0-5b82e1de3f24 dataSourceKey=main
[32m2024-10-06 00:54:31 [info]  add app main into supervisor                [39m module=application submodule=supervisor method=addApp app=main reqId=f0014843-e0bc-441b-b2b0-5b82e1de3f24 dataSourceKey=main
[32m2024-10-06 00:54:31 [info]  connection has been established successfully.[39m module=database method=auth app=main reqId=f0014843-e0bc-441b-b2b0-5b82e1de3f24 dataSourceKey=main
[34m2024-10-06 00:54:31 [debug] init plugins                                [39m module=application app=main reqId=f0014843-e0bc-441b-b2b0-5b82e1de3f24 dataSourceKey=main
[34m2024-10-06 00:54:32 [debug] loading app...                              [39m module=application app=main reqId=f0014843-e0bc-441b-b2b0-5b82e1de3f24 dataSourceKey=main
[34m2024-10-06 00:54:32 [debug] loading plugins...                          [39m module=application app=main reqId=f0014843-e0bc-441b-b2b0-5b82e1de3f24 dataSourceKey=main
[34m2024-10-06 00:54:32 [debug] plugins loaded                              [39m module=application app=main reqId=f0014843-e0bc-441b-b2b0-5b82e1de3f24 dataSourceKey=main
[34m2024-10-06 00:54:32 [debug] loading locale resource...                  [39m module=application submodule=locale method=onAfterLoad app=main reqId=f0014843-e0bc-441b-b2b0-5b82e1de3f24 dataSourceKey=main
[34m2024-10-06 00:54:32 [debug] locale resource loaded                      [39m module=application submodule=locale method=onAfterLoad app=main reqId=f0014843-e0bc-441b-b2b0-5b82e1de3f24 dataSourceKey=main
[34m2024-10-06 00:54:32 [debug] starting app...                             [39m module=application app=main reqId=f0014843-e0bc-441b-b2b0-5b82e1de3f24 dataSourceKey=main
[34m2024-10-06 00:54:32 [debug] loading custom collections                  [39m module=data-source-main method=loadCollections app=main reqId=f0014843-e0bc-441b-b2b0-5b82e1de3f24 dataSourceKey=main
[34m2024-10-06 00:54:32 [debug] loading collections...                      [39m module=database app=main reqId=f0014843-e0bc-441b-b2b0-5b82e1de3f24 dataSourceKey=main
[34m2024-10-06 00:54:32 [debug] collections loaded                          [39m module=database app=main reqId=f0014843-e0bc-441b-b2b0-5b82e1de3f24 dataSourceKey=main
[32m2024-10-06 00:54:33 [info]  write roles to ACL                          [39m module=acl method=writeRolesToACL app=main reqId=f0014843-e0bc-441b-b2b0-5b82e1de3f24 dataSourceKey=main
[32m2024-10-06 00:54:33 [info]  app has been started                        [39m module=application app=main reqId=f0014843-e0bc-441b-b2b0-5b82e1de3f24 dataSourceKey=main
[34m2024-10-06 00:54:40 [debug] ctx permission                              [39m meta={"can":null,"resourceName":"app","actionName":"getLang","skip":true} module=app submodule=getLang app=main reqId=a20b78c4-0e73-4670-9177-537a545cd4af dataSourceKey=main
[34m2024-10-06 00:54:40 [debug] acl params                                  [39m module=app submodule=getLang app=main reqId=a20b78c4-0e73-4670-9177-537a545cd4af dataSourceKey=main
[34m2024-10-06 00:54:40 [debug] acl parsedParams                            [39m module=app submodule=getLang app=main reqId=a20b78c4-0e73-4670-9177-537a545cd4af dataSourceKey=main
[34m2024-10-06 00:54:40 [debug] ctx permission                              [39m meta={"can":null,"resourceName":"pm","actionName":"listEnabled","skip":true} module=pm submodule=listEnabled app=main reqId=f92f207a-3dfe-45a6-bbf6-5ec45625ba9f dataSourceKey=main
[34m2024-10-06 00:54:40 [debug] acl params                                  [39m module=pm submodule=listEnabled app=main reqId=f92f207a-3dfe-45a6-bbf6-5ec45625ba9f dataSourceKey=main
[34m2024-10-06 00:54:40 [debug] acl parsedParams                            [39m module=pm submodule=listEnabled app=main reqId=f92f207a-3dfe-45a6-bbf6-5ec45625ba9f dataSourceKey=main
[34m2024-10-06 00:54:41 [debug] ctx permission                              [39m meta={"can":null,"resourceName":"auth","actionName":"check","skip":true} module=auth submodule=check app=main reqId=495c3391-7999-4bd5-878a-7e620e519716 dataSourceKey=main
[34m2024-10-06 00:54:41 [debug] acl params                                  [39m module=auth submodule=check app=main reqId=495c3391-7999-4bd5-878a-7e620e519716 dataSourceKey=main
[34m2024-10-06 00:54:41 [debug] acl parsedParams                            [39m module=auth submodule=check app=main reqId=495c3391-7999-4bd5-878a-7e620e519716 dataSourceKey=main
[34m2024-10-06 00:54:41 [debug] ctx permission                              [39m meta={"can":null,"resourceName":"systemSettings","actionName":"get","skip":true} module=systemSettings submodule=get/1 app=main reqId=11bffecb-2e82-4e4d-9cfb-8f6c0fca317b dataSourceKey=main
[34m2024-10-06 00:54:41 [debug] acl params                                  [39m module=systemSettings submodule=get/1 app=main reqId=11bffecb-2e82-4e4d-9cfb-8f6c0fca317b dataSourceKey=main
[34m2024-10-06 00:54:41 [debug] acl parsedParams                            [39m module=systemSettings submodule=get/1 app=main reqId=11bffecb-2e82-4e4d-9cfb-8f6c0fca317b dataSourceKey=main
[34m2024-10-06 00:54:41 [debug] ctx permission                              [39m meta={"can":null,"resourceName":"themeConfig","actionName":"list","skip":true} module=themeConfig submodule=list app=main reqId=6cca72ef-219a-49c4-bf3e-ad9e3430b88c dataSourceKey=main
[34m2024-10-06 00:54:41 [debug] acl params                                  [39m module=themeConfig submodule=list app=main reqId=6cca72ef-219a-49c4-bf3e-ad9e3430b88c dataSourceKey=main
[34m2024-10-06 00:54:41 [debug] acl parsedParams                            [39m module=themeConfig submodule=list app=main reqId=6cca72ef-219a-49c4-bf3e-ad9e3430b88c dataSourceKey=main
[34m2024-10-06 00:54:41 [debug] ctx permission                              [39m meta={"can":null,"resourceName":"app","actionName":"getInfo","skip":true} module=app submodule=getInfo app=main reqId=95c2e79d-610f-4c1b-a238-b96c655646e5 dataSourceKey=main
[34m2024-10-06 00:54:41 [debug] acl params                                  [39m module=app submodule=getInfo app=main reqId=95c2e79d-610f-4c1b-a238-b96c655646e5 dataSourceKey=main
[34m2024-10-06 00:54:41 [debug] acl parsedParams                            [39m module=app submodule=getInfo app=main reqId=95c2e79d-610f-4c1b-a238-b96c655646e5 dataSourceKey=main
[34m2024-10-06 00:54:41 [debug] ctx permission                              [39m meta={"can":null,"resourceName":"authenticators","actionName":"publicList","skip":true} module=authenticators submodule=publicList app=main reqId=c77c1acb-5019-4b52-b3c5-8af561a8eba3 dataSourceKey=main
[34m2024-10-06 00:54:41 [debug] acl params                                  [39m module=authenticators submodule=publicList app=main reqId=c77c1acb-5019-4b52-b3c5-8af561a8eba3 dataSourceKey=main
[34m2024-10-06 00:54:41 [debug] acl parsedParams                            [39m module=authenticators submodule=publicList app=main reqId=c77c1acb-5019-4b52-b3c5-8af561a8eba3 dataSourceKey=main
[34m2024-10-06 00:54:45 [debug] ctx permission                              [39m meta={"can":null,"resourceName":"auth","actionName":"signIn","skip":true} module=auth submodule=signIn app=main reqId=4841d5aa-5559-4893-8604-53f35cf4feb9 dataSourceKey=main
[34m2024-10-06 00:54:45 [debug] acl params                                  [39m module=auth submodule=signIn app=main reqId=4841d5aa-5559-4893-8604-53f35cf4feb9 dataSourceKey=main
[34m2024-10-06 00:54:45 [debug] acl parsedParams                            [39m module=auth submodule=signIn app=main reqId=4841d5aa-5559-4893-8604-53f35cf4feb9 dataSourceKey=main
[34m2024-10-06 00:54:45 [debug] ctx permission                              [39m meta={"can":null,"resourceName":"auth","actionName":"check","skip":true} module=auth submodule=check app=main reqId=1e4c17b1-c636-40be-81c1-91ba243cb0b6 dataSourceKey=main
[34m2024-10-06 00:54:45 [debug] acl params                                  [39m module=auth submodule=check app=main reqId=1e4c17b1-c636-40be-81c1-91ba243cb0b6 dataSourceKey=main
[34m2024-10-06 00:54:45 [debug] acl parsedParams                            [39m module=auth submodule=check app=main reqId=1e4c17b1-c636-40be-81c1-91ba243cb0b6 dataSourceKey=main
[34m2024-10-06 00:54:45 [debug] ctx permission                              [39m meta={"can":null,"resourceName":"systemSettings","actionName":"get","skip":true} module=systemSettings submodule=get/1 app=main reqId=14a44553-be5c-4c2c-8a9c-281136ca9f76 dataSourceKey=main
[34m2024-10-06 00:54:45 [debug] acl params                                  [39m module=systemSettings submodule=get/1 app=main reqId=14a44553-be5c-4c2c-8a9c-281136ca9f76 dataSourceKey=main
[34m2024-10-06 00:54:45 [debug] acl parsedParams                            [39m module=systemSettings submodule=get/1 app=main reqId=14a44553-be5c-4c2c-8a9c-281136ca9f76 dataSourceKey=main
[34m2024-10-06 00:54:45 [debug] ctx permission                              [39m meta={"can":null,"resourceName":"app","actionName":"getInfo","skip":true} module=app submodule=getInfo app=main reqId=a0c934d8-c80a-4fed-b363-4cf1de3d5e75 dataSourceKey=main
[34m2024-10-06 00:54:45 [debug] acl params                                  [39m module=app submodule=getInfo app=main reqId=a0c934d8-c80a-4fed-b363-4cf1de3d5e75 dataSourceKey=main
[34m2024-10-06 00:54:45 [debug] acl parsedParams                            [39m module=app submodule=getInfo app=main reqId=a0c934d8-c80a-4fed-b363-4cf1de3d5e75 dataSourceKey=main
[34m2024-10-06 00:54:45 [debug] ctx permission                              [39m meta={"can":{"role":"root","resource":"themeConfig","action":"list"},"resourceName":"themeConfig","actionName":"list","skip":true} module=themeConfig submodule=list app=main reqId=0abcb822-e9f1-4566-8306-0b5075fe109c dataSourceKey=main
[34m2024-10-06 00:54:45 [debug] acl params                                  [39m module=themeConfig submodule=list app=main reqId=0abcb822-e9f1-4566-8306-0b5075fe109c dataSourceKey=main
[34m2024-10-06 00:54:45 [debug] acl parsedParams                            [39m module=themeConfig submodule=list app=main reqId=0abcb822-e9f1-4566-8306-0b5075fe109c dataSourceKey=main
[34m2024-10-06 00:54:45 [debug] ctx permission                              [39m meta={"can":null,"resourceName":"app","actionName":"getInfo","skip":true} module=app submodule=getInfo app=main reqId=8c24aafb-d34e-4b3c-bb2e-521145720423 dataSourceKey=main
[34m2024-10-06 00:54:45 [debug] acl params                                  [39m module=app submodule=getInfo app=main reqId=8c24aafb-d34e-4b3c-bb2e-521145720423 dataSourceKey=main
[34m2024-10-06 00:54:45 [debug] acl parsedParams                            [39m module=app submodule=getInfo app=main reqId=8c24aafb-d34e-4b3c-bb2e-521145720423 dataSourceKey=main
[34m2024-10-06 00:54:45 [debug] ctx permission                              [39m meta={"can":{"role":"root","resource":"uiSchemaTemplates","action":"list"},"resourceName":"uiSchemaTemplates","actionName":"list","skip":true} module=uiSchemaTemplates submodule=list app=main reqId=7bdf69b3-a7e0-4d5b-a733-773b7b9a8b78 dataSourceKey=main
[34m2024-10-06 00:54:45 [debug] acl params                                  [39m module=uiSchemaTemplates submodule=list app=main reqId=7bdf69b3-a7e0-4d5b-a733-773b7b9a8b78 dataSourceKey=main
[34m2024-10-06 00:54:45 [debug] acl parsedParams                            [39m module=uiSchemaTemplates submodule=list app=main reqId=7bdf69b3-a7e0-4d5b-a733-773b7b9a8b78 dataSourceKey=main
[34m2024-10-06 00:54:45 [debug] ctx permission                              [39m meta={"can":{"role":"root","resource":"dataSources","action":"listEnabled"},"resourceName":"dataSources","actionName":"listEnabled","skip":true} module=dataSources submodule=listEnabled app=main reqId=b1bbc0e3-16ff-4524-b4f7-d852496e3c6b dataSourceKey=main
[34m2024-10-06 00:54:45 [debug] acl params                                  [39m module=dataSources submodule=listEnabled app=main reqId=b1bbc0e3-16ff-4524-b4f7-d852496e3c6b dataSourceKey=main
[34m2024-10-06 00:54:45 [debug] acl parsedParams                            [39m module=dataSources submodule=listEnabled app=main reqId=b1bbc0e3-16ff-4524-b4f7-d852496e3c6b dataSourceKey=main
[34m2024-10-06 00:54:45 [debug] ctx permission                              [39m meta={"can":{"role":"root","resource":"collectionCategories","action":"list"},"resourceName":"collectionCategories","actionName":"list","skip":true} module=collectionCategories submodule=list app=main reqId=424fcbe6-aa96-4d65-8bd7-87065eff75b2 dataSourceKey=main
[34m2024-10-06 00:54:45 [debug] acl params                                  [39m module=collectionCategories submodule=list app=main reqId=424fcbe6-aa96-4d65-8bd7-87065eff75b2 dataSourceKey=main
[34m2024-10-06 00:54:45 [debug] acl parsedParams                            [39m module=collectionCategories submodule=list app=main reqId=424fcbe6-aa96-4d65-8bd7-87065eff75b2 dataSourceKey=main
[34m2024-10-06 00:54:45 [debug] ctx permission                              [39m meta={"can":{"role":"root","resource":"collections","action":"list"},"resourceName":"collections","actionName":"list","skip":true} module=collections submodule=list app=main reqId=a9005323-7411-4b2f-a99c-b7024ddc962c dataSourceKey=main
[34m2024-10-06 00:54:45 [debug] acl params                                  [39m module=collections submodule=list app=main reqId=a9005323-7411-4b2f-a99c-b7024ddc962c dataSourceKey=main
[34m2024-10-06 00:54:45 [debug] acl parsedParams                            [39m module=collections submodule=list app=main reqId=a9005323-7411-4b2f-a99c-b7024ddc962c dataSourceKey=main
[34m2024-10-06 00:54:45 [debug] ctx permission                              [39m meta={"can":{"role":"root","resource":"roles","action":"check"},"resourceName":"roles","actionName":"check","skip":true} module=roles submodule=check app=main reqId=4e874bd1-cada-414c-a258-719c3a049cd8 dataSourceKey=main
[34m2024-10-06 00:54:45 [debug] acl params                                  [39m module=roles submodule=check app=main reqId=4e874bd1-cada-414c-a258-719c3a049cd8 dataSourceKey=main
[34m2024-10-06 00:54:45 [debug] acl parsedParams                            [39m module=roles submodule=check app=main reqId=4e874bd1-cada-414c-a258-719c3a049cd8 dataSourceKey=main
[34m2024-10-06 00:54:45 [debug] ctx permission                              [39m meta={"can":{"role":"root","resource":"uiSchemas","action":"getJsonSchema"},"resourceName":"uiSchemas","actionName":"getJsonSchema","skip":true} module=uiSchemas submodule=getJsonSchema/nocobase-admin-menu app=main reqId=b0f198db-c61f-4478-b944-c7238b5e6cc7 dataSourceKey=main
[34m2024-10-06 00:54:45 [debug] acl params                                  [39m module=uiSchemas submodule=getJsonSchema/nocobase-admin-menu app=main reqId=b0f198db-c61f-4478-b944-c7238b5e6cc7 dataSourceKey=main
[34m2024-10-06 00:54:45 [debug] acl parsedParams                            [39m module=uiSchemas submodule=getJsonSchema/nocobase-admin-menu app=main reqId=b0f198db-c61f-4478-b944-c7238b5e6cc7 dataSourceKey=main
[34m2024-10-06 00:54:45 [debug] ctx permission                              [39m meta={"can":{"role":"root","resource":"uiSchemas","action":"getProperties"},"resourceName":"uiSchemas","actionName":"getProperties","skip":true} module=uiSchemas submodule=getProperties/3gdbonxf395 app=main reqId=657c82dd-1bb9-44fb-afa6-c82f56081f6f dataSourceKey=main
[34m2024-10-06 00:54:45 [debug] acl params                                  [39m module=uiSchemas submodule=getProperties/3gdbonxf395 app=main reqId=657c82dd-1bb9-44fb-afa6-c82f56081f6f dataSourceKey=main
[34m2024-10-06 00:54:45 [debug] acl parsedParams                            [39m module=uiSchemas submodule=getProperties/3gdbonxf395 app=main reqId=657c82dd-1bb9-44fb-afa6-c82f56081f6f dataSourceKey=main
[34m2024-10-06 00:54:46 [debug] ctx permission                              [39m meta={"can":null,"resourceName":"leaves","actionName":"list","skip":true} module=leaves submodule=list app=main reqId=451d3632-4f02-4961-8f09-1a063f197bd7 dataSourceKey=main
[34m2024-10-06 00:54:46 [debug] acl params                                  [39m module=leaves submodule=list app=main reqId=451d3632-4f02-4961-8f09-1a063f197bd7 dataSourceKey=main
[34m2024-10-06 00:54:46 [debug] acl parsedParams                            [39m module=leaves submodule=list app=main reqId=451d3632-4f02-4961-8f09-1a063f197bd7 dataSourceKey=main
[32m2024-10-06 00:54:46 [info]  filter-parse:                               [39m meta={"userFields":["id"]} module=leaves submodule=list app=main reqId=451d3632-4f02-4961-8f09-1a063f197bd7 dataSourceKey=main
[32m2024-10-06 00:54:46 [info]  filter-parse:                               [39m meta={"$user":{"id":1}} module=leaves submodule=list app=main reqId=451d3632-4f02-4961-8f09-1a063f197bd7 dataSourceKey=main
[34m2024-10-06 00:54:48 [debug] ctx permission                              [39m meta={"can":{"role":"root","resource":"uiSchemas","action":"getProperties"},"resourceName":"uiSchemas","actionName":"getProperties","skip":true} module=uiSchemas submodule=getProperties/6awzkwow8ol app=main reqId=2958a3ab-d480-4bc5-9039-fdc7ed4f7309 dataSourceKey=main
[34m2024-10-06 00:54:48 [debug] acl params                                  [39m module=uiSchemas submodule=getProperties/6awzkwow8ol app=main reqId=2958a3ab-d480-4bc5-9039-fdc7ed4f7309 dataSourceKey=main
[34m2024-10-06 00:54:48 [debug] acl parsedParams                            [39m module=uiSchemas submodule=getProperties/6awzkwow8ol app=main reqId=2958a3ab-d480-4bc5-9039-fdc7ed4f7309 dataSourceKey=main
[34m2024-10-06 00:54:48 [debug] ctx permission                              [39m meta={"can":{"role":"root","resource":"users","action":"list"},"resourceName":"users","actionName":"list","skip":true} module=users submodule=list app=main reqId=ae91c99b-faa5-47a1-ab0e-66029e7d4bd9 dataSourceKey=main
[34m2024-10-06 00:54:48 [debug] acl params                                  [39m module=users submodule=list app=main reqId=ae91c99b-faa5-47a1-ab0e-66029e7d4bd9 dataSourceKey=main
[34m2024-10-06 00:54:48 [debug] acl parsedParams                            [39m module=users submodule=list app=main reqId=ae91c99b-faa5-47a1-ab0e-66029e7d4bd9 dataSourceKey=main
[34m2024-10-06 00:54:49 [debug] ctx permission                              [39m meta={"can":{"role":"root","resource":"uiSchemas","action":"getProperties"},"resourceName":"uiSchemas","actionName":"getProperties","skip":true} module=uiSchemas submodule=getProperties/3gdbonxf395 app=main reqId=a8048371-0baf-45ab-a230-cfd28136f7b7 dataSourceKey=main
[34m2024-10-06 00:54:49 [debug] acl params                                  [39m module=uiSchemas submodule=getProperties/3gdbonxf395 app=main reqId=a8048371-0baf-45ab-a230-cfd28136f7b7 dataSourceKey=main
[34m2024-10-06 00:54:49 [debug] acl parsedParams                            [39m module=uiSchemas submodule=getProperties/3gdbonxf395 app=main reqId=a8048371-0baf-45ab-a230-cfd28136f7b7 dataSourceKey=main
[34m2024-10-06 00:54:50 [debug] ctx permission                              [39m meta={"can":null,"resourceName":"leaves","actionName":"list","skip":true} module=leaves submodule=list app=main reqId=bf7285a6-efbd-4f38-8804-32b9891706bf dataSourceKey=main
[34m2024-10-06 00:54:50 [debug] acl params                                  [39m module=leaves submodule=list app=main reqId=bf7285a6-efbd-4f38-8804-32b9891706bf dataSourceKey=main
[34m2024-10-06 00:54:50 [debug] acl parsedParams                            [39m module=leaves submodule=list app=main reqId=bf7285a6-efbd-4f38-8804-32b9891706bf dataSourceKey=main
[32m2024-10-06 00:54:50 [info]  filter-parse:                               [39m meta={"userFields":["id"]} module=leaves submodule=list app=main reqId=bf7285a6-efbd-4f38-8804-32b9891706bf dataSourceKey=main
[32m2024-10-06 00:54:50 [info]  filter-parse:                               [39m meta={"$user":{"id":1}} module=leaves submodule=list app=main reqId=bf7285a6-efbd-4f38-8804-32b9891706bf dataSourceKey=main
[34m2024-10-06 00:54:59 [debug] ctx permission                              [39m meta={"can":{"role":"root","resource":"uiSchemas","action":"insertAdjacent"},"resourceName":"uiSchemas","actionName":"insertAdjacent","skip":true} module=uiSchemas submodule=insertAdjacent/nocobase-admin-menu app=main reqId=7f56ae08-08fe-4bf3-9d15-9572c801c8d1 dataSourceKey=main
[34m2024-10-06 00:54:59 [debug] acl params                                  [39m module=uiSchemas submodule=insertAdjacent/nocobase-admin-menu app=main reqId=7f56ae08-08fe-4bf3-9d15-9572c801c8d1 dataSourceKey=main
[34m2024-10-06 00:54:59 [debug] acl parsedParams                            [39m module=uiSchemas submodule=insertAdjacent/nocobase-admin-menu app=main reqId=7f56ae08-08fe-4bf3-9d15-9572c801c8d1 dataSourceKey=main
[34m2024-10-06 00:57:15 [debug] create database instance: {"sync":{"alter":{"drop":false},"force":false},"logging":false,"dialect":"postgres","username":"postgres","database":"nocobase","port":"5432","timezone":"+08:00","underscored":false,"migrator":{"context":{"app":{"appName":"main","name":"main"}}},"logger":{},"rawTimezone":"+08:00"}[39m meta={"databaseInstanceId":"tlJ0Ca1hQR_QmZTKCXR1P"} module=database app=main reqId=18234b79-647c-4391-a71e-157bfeaff921 dataSourceKey=main
[32m2024-10-06 00:57:15 [info]  add app main into supervisor                [39m module=application submodule=supervisor method=addApp app=main reqId=18234b79-647c-4391-a71e-157bfeaff921 dataSourceKey=main
[32m2024-10-06 00:57:15 [info]  connection has been established successfully.[39m module=database method=auth app=main reqId=18234b79-647c-4391-a71e-157bfeaff921 dataSourceKey=main
[34m2024-10-06 00:57:15 [debug] init plugins                                [39m module=application app=main reqId=18234b79-647c-4391-a71e-157bfeaff921 dataSourceKey=main
[34m2024-10-06 00:57:15 [debug] loading app...                              [39m module=application app=main reqId=18234b79-647c-4391-a71e-157bfeaff921 dataSourceKey=main
[34m2024-10-06 00:57:15 [debug] loading plugins...                          [39m module=application app=main reqId=18234b79-647c-4391-a71e-157bfeaff921 dataSourceKey=main
[34m2024-10-06 00:57:16 [debug] plugins loaded                              [39m module=application app=main reqId=18234b79-647c-4391-a71e-157bfeaff921 dataSourceKey=main
[34m2024-10-06 00:57:16 [debug] loading locale resource...                  [39m module=application submodule=locale method=onAfterLoad app=main reqId=18234b79-647c-4391-a71e-157bfeaff921 dataSourceKey=main
[34m2024-10-06 00:57:16 [debug] locale resource loaded                      [39m module=application submodule=locale method=onAfterLoad app=main reqId=18234b79-647c-4391-a71e-157bfeaff921 dataSourceKey=main
[34m2024-10-06 00:57:16 [debug] starting app...                             [39m module=application app=main reqId=18234b79-647c-4391-a71e-157bfeaff921 dataSourceKey=main
[34m2024-10-06 00:57:16 [debug] loading custom collections                  [39m module=data-source-main method=loadCollections app=main reqId=18234b79-647c-4391-a71e-157bfeaff921 dataSourceKey=main
[34m2024-10-06 00:57:16 [debug] loading collections...                      [39m module=database app=main reqId=18234b79-647c-4391-a71e-157bfeaff921 dataSourceKey=main
[34m2024-10-06 00:57:16 [debug] collections loaded                          [39m module=database app=main reqId=18234b79-647c-4391-a71e-157bfeaff921 dataSourceKey=main
[32m2024-10-06 00:57:16 [info]  write roles to ACL                          [39m module=acl method=writeRolesToACL app=main reqId=18234b79-647c-4391-a71e-157bfeaff921 dataSourceKey=main
[32m2024-10-06 00:57:16 [info]  app has been started                        [39m module=application app=main reqId=18234b79-647c-4391-a71e-157bfeaff921 dataSourceKey=main
[34m2024-10-06 00:57:25 [debug] ctx permission                              [39m meta={"can":null,"resourceName":"app","actionName":"getLang","skip":true} module=app submodule=getLang app=main reqId=c7db4ea9-2bcc-40dd-8e31-d506bb653f1a dataSourceKey=main
[34m2024-10-06 00:57:25 [debug] acl params                                  [39m module=app submodule=getLang app=main reqId=c7db4ea9-2bcc-40dd-8e31-d506bb653f1a dataSourceKey=main
[34m2024-10-06 00:57:25 [debug] acl parsedParams                            [39m module=app submodule=getLang app=main reqId=c7db4ea9-2bcc-40dd-8e31-d506bb653f1a dataSourceKey=main
[34m2024-10-06 00:57:25 [debug] ctx permission                              [39m meta={"can":{"role":"root","resource":"pm","action":"listEnabled"},"resourceName":"pm","actionName":"listEnabled","skip":true} module=pm submodule=listEnabled app=main reqId=943df76a-78dc-4850-9b1d-a76be5ccc342 dataSourceKey=main
[34m2024-10-06 00:57:25 [debug] acl params                                  [39m module=pm submodule=listEnabled app=main reqId=943df76a-78dc-4850-9b1d-a76be5ccc342 dataSourceKey=main
[34m2024-10-06 00:57:25 [debug] acl parsedParams                            [39m module=pm submodule=listEnabled app=main reqId=943df76a-78dc-4850-9b1d-a76be5ccc342 dataSourceKey=main
[34m2024-10-06 00:57:26 [debug] ctx permission                              [39m meta={"can":null,"resourceName":"auth","actionName":"check","skip":true} module=auth submodule=check app=main reqId=a5895acb-3bd9-42e6-b683-bef694d71111 dataSourceKey=main
[34m2024-10-06 00:57:26 [debug] acl params                                  [39m module=auth submodule=check app=main reqId=a5895acb-3bd9-42e6-b683-bef694d71111 dataSourceKey=main
[34m2024-10-06 00:57:26 [debug] acl parsedParams                            [39m module=auth submodule=check app=main reqId=a5895acb-3bd9-42e6-b683-bef694d71111 dataSourceKey=main
[34m2024-10-06 00:57:26 [debug] ctx permission                              [39m meta={"can":null,"resourceName":"systemSettings","actionName":"get","skip":true} module=systemSettings submodule=get/1 app=main reqId=4c8fe74d-7afe-463f-bd02-a80795fd31b1 dataSourceKey=main
[34m2024-10-06 00:57:26 [debug] acl params                                  [39m module=systemSettings submodule=get/1 app=main reqId=4c8fe74d-7afe-463f-bd02-a80795fd31b1 dataSourceKey=main
[34m2024-10-06 00:57:26 [debug] acl parsedParams                            [39m module=systemSettings submodule=get/1 app=main reqId=4c8fe74d-7afe-463f-bd02-a80795fd31b1 dataSourceKey=main
[34m2024-10-06 00:57:26 [debug] ctx permission                              [39m meta={"can":{"role":"root","resource":"themeConfig","action":"list"},"resourceName":"themeConfig","actionName":"list","skip":true} module=themeConfig submodule=list app=main reqId=ac4f6c2a-2200-44e9-9b7d-4306713d06dd dataSourceKey=main
[34m2024-10-06 00:57:26 [debug] acl params                                  [39m module=themeConfig submodule=list app=main reqId=ac4f6c2a-2200-44e9-9b7d-4306713d06dd dataSourceKey=main
[34m2024-10-06 00:57:26 [debug] acl parsedParams                            [39m module=themeConfig submodule=list app=main reqId=ac4f6c2a-2200-44e9-9b7d-4306713d06dd dataSourceKey=main
[34m2024-10-06 00:57:26 [debug] ctx permission                              [39m meta={"can":null,"resourceName":"app","actionName":"getInfo","skip":true} module=app submodule=getInfo app=main reqId=58a2071e-beb5-4212-8c36-72bd8bb62f46 dataSourceKey=main
[34m2024-10-06 00:57:26 [debug] acl params                                  [39m module=app submodule=getInfo app=main reqId=58a2071e-beb5-4212-8c36-72bd8bb62f46 dataSourceKey=main
[34m2024-10-06 00:57:26 [debug] acl parsedParams                            [39m module=app submodule=getInfo app=main reqId=58a2071e-beb5-4212-8c36-72bd8bb62f46 dataSourceKey=main
[34m2024-10-06 00:57:26 [debug] ctx permission                              [39m meta={"can":{"role":"root","resource":"uiSchemaTemplates","action":"list"},"resourceName":"uiSchemaTemplates","actionName":"list","skip":true} module=uiSchemaTemplates submodule=list app=main reqId=955a79f4-d98b-4077-9048-de9bdfbd9a14 dataSourceKey=main
[34m2024-10-06 00:57:26 [debug] acl params                                  [39m module=uiSchemaTemplates submodule=list app=main reqId=955a79f4-d98b-4077-9048-de9bdfbd9a14 dataSourceKey=main
[34m2024-10-06 00:57:26 [debug] acl parsedParams                            [39m module=uiSchemaTemplates submodule=list app=main reqId=955a79f4-d98b-4077-9048-de9bdfbd9a14 dataSourceKey=main
[34m2024-10-06 00:57:26 [debug] ctx permission                              [39m meta={"can":{"role":"root","resource":"dataSources","action":"listEnabled"},"resourceName":"dataSources","actionName":"listEnabled","skip":true} module=dataSources submodule=listEnabled app=main reqId=f0161f2b-dad7-4f9b-9e9c-c76664de29c5 dataSourceKey=main
[34m2024-10-06 00:57:26 [debug] acl params                                  [39m module=dataSources submodule=listEnabled app=main reqId=f0161f2b-dad7-4f9b-9e9c-c76664de29c5 dataSourceKey=main
[34m2024-10-06 00:57:26 [debug] acl parsedParams                            [39m module=dataSources submodule=listEnabled app=main reqId=f0161f2b-dad7-4f9b-9e9c-c76664de29c5 dataSourceKey=main
[34m2024-10-06 00:57:26 [debug] ctx permission                              [39m meta={"can":{"role":"root","resource":"collectionCategories","action":"list"},"resourceName":"collectionCategories","actionName":"list","skip":true} module=collectionCategories submodule=list app=main reqId=55ced3de-d472-461a-893e-6f69545f78b3 dataSourceKey=main
[34m2024-10-06 00:57:26 [debug] acl params                                  [39m module=collectionCategories submodule=list app=main reqId=55ced3de-d472-461a-893e-6f69545f78b3 dataSourceKey=main
[34m2024-10-06 00:57:26 [debug] acl parsedParams                            [39m module=collectionCategories submodule=list app=main reqId=55ced3de-d472-461a-893e-6f69545f78b3 dataSourceKey=main
[34m2024-10-06 00:57:26 [debug] ctx permission                              [39m meta={"can":{"role":"root","resource":"collections","action":"list"},"resourceName":"collections","actionName":"list","skip":true} module=collections submodule=list app=main reqId=479b56d6-c6f7-458a-99d0-349619a00516 dataSourceKey=main
[34m2024-10-06 00:57:26 [debug] acl params                                  [39m module=collections submodule=list app=main reqId=479b56d6-c6f7-458a-99d0-349619a00516 dataSourceKey=main
[34m2024-10-06 00:57:26 [debug] acl parsedParams                            [39m module=collections submodule=list app=main reqId=479b56d6-c6f7-458a-99d0-349619a00516 dataSourceKey=main
[34m2024-10-06 00:57:26 [debug] ctx permission                              [39m meta={"can":{"role":"root","resource":"roles","action":"check"},"resourceName":"roles","actionName":"check","skip":true} module=roles submodule=check app=main reqId=242ef830-08e5-4c49-96f3-90c71cf18b76 dataSourceKey=main
[34m2024-10-06 00:57:26 [debug] acl params                                  [39m module=roles submodule=check app=main reqId=242ef830-08e5-4c49-96f3-90c71cf18b76 dataSourceKey=main
[34m2024-10-06 00:57:26 [debug] acl parsedParams                            [39m module=roles submodule=check app=main reqId=242ef830-08e5-4c49-96f3-90c71cf18b76 dataSourceKey=main
[34m2024-10-06 00:57:26 [debug] ctx permission                              [39m meta={"can":{"role":"root","resource":"uiSchemas","action":"getJsonSchema"},"resourceName":"uiSchemas","actionName":"getJsonSchema","skip":true} module=uiSchemas submodule=getJsonSchema/nocobase-admin-menu app=main reqId=512a0f10-dd9c-4acf-a089-4ef40a04d9d6 dataSourceKey=main
[34m2024-10-06 00:57:26 [debug] acl params                                  [39m module=uiSchemas submodule=getJsonSchema/nocobase-admin-menu app=main reqId=512a0f10-dd9c-4acf-a089-4ef40a04d9d6 dataSourceKey=main
[34m2024-10-06 00:57:26 [debug] acl parsedParams                            [39m module=uiSchemas submodule=getJsonSchema/nocobase-admin-menu app=main reqId=512a0f10-dd9c-4acf-a089-4ef40a04d9d6 dataSourceKey=main
[34m2024-10-06 00:57:26 [debug] ctx permission                              [39m meta={"can":{"role":"root","resource":"uiSchemas","action":"getProperties"},"resourceName":"uiSchemas","actionName":"getProperties","skip":true} module=uiSchemas submodule=getProperties/3gdbonxf395 app=main reqId=3d6ab056-31be-48dd-854e-182c87bfcd7d dataSourceKey=main
[34m2024-10-06 00:57:26 [debug] acl params                                  [39m module=uiSchemas submodule=getProperties/3gdbonxf395 app=main reqId=3d6ab056-31be-48dd-854e-182c87bfcd7d dataSourceKey=main
[34m2024-10-06 00:57:26 [debug] acl parsedParams                            [39m module=uiSchemas submodule=getProperties/3gdbonxf395 app=main reqId=3d6ab056-31be-48dd-854e-182c87bfcd7d dataSourceKey=main
[34m2024-10-06 00:57:26 [debug] ctx permission                              [39m meta={"can":null,"resourceName":"leaves","actionName":"list","skip":true} module=leaves submodule=list app=main reqId=f1a40057-d090-4a92-a653-5d1af4576dcd dataSourceKey=main
[34m2024-10-06 00:57:26 [debug] acl params                                  [39m module=leaves submodule=list app=main reqId=f1a40057-d090-4a92-a653-5d1af4576dcd dataSourceKey=main
[34m2024-10-06 00:57:26 [debug] acl parsedParams                            [39m module=leaves submodule=list app=main reqId=f1a40057-d090-4a92-a653-5d1af4576dcd dataSourceKey=main
[32m2024-10-06 00:57:26 [info]  filter-parse:                               [39m meta={"userFields":["id"]} module=leaves submodule=list app=main reqId=f1a40057-d090-4a92-a653-5d1af4576dcd dataSourceKey=main
[32m2024-10-06 00:57:26 [info]  filter-parse:                               [39m meta={"$user":{"id":1}} module=leaves submodule=list app=main reqId=f1a40057-d090-4a92-a653-5d1af4576dcd dataSourceKey=main
[34m2024-10-06 01:43:59 [debug] create database instance: {"sync":{"alter":{"drop":false},"force":false},"logging":false,"dialect":"postgres","username":"postgres","database":"nocobase","port":"5432","timezone":"+08:00","underscored":false,"migrator":{"context":{"app":{"appName":"main","name":"main"}}},"logger":{},"rawTimezone":"+08:00"}[39m meta={"databaseInstanceId":"hDpyTmtuYkbDv2wR_bpTs"} module=database app=main reqId=78ecb32d-1364-4299-a5f6-6b36981b2d31 dataSourceKey=main
[32m2024-10-06 01:43:59 [info]  add app main into supervisor                [39m module=application submodule=supervisor method=addApp app=main reqId=78ecb32d-1364-4299-a5f6-6b36981b2d31 dataSourceKey=main
[32m2024-10-06 01:43:59 [info]  connection has been established successfully.[39m module=database method=auth app=main reqId=78ecb32d-1364-4299-a5f6-6b36981b2d31 dataSourceKey=main
[34m2024-10-06 01:43:59 [debug] init plugins                                [39m module=application app=main reqId=78ecb32d-1364-4299-a5f6-6b36981b2d31 dataSourceKey=main
[34m2024-10-06 01:44:00 [debug] loading app...                              [39m module=application app=main reqId=78ecb32d-1364-4299-a5f6-6b36981b2d31 dataSourceKey=main
[34m2024-10-06 01:44:00 [debug] loading plugins...                          [39m module=application app=main reqId=78ecb32d-1364-4299-a5f6-6b36981b2d31 dataSourceKey=main
[34m2024-10-06 01:44:00 [debug] plugins loaded                              [39m module=application app=main reqId=78ecb32d-1364-4299-a5f6-6b36981b2d31 dataSourceKey=main
[34m2024-10-06 01:44:00 [debug] loading locale resource...                  [39m module=application submodule=locale method=onAfterLoad app=main reqId=78ecb32d-1364-4299-a5f6-6b36981b2d31 dataSourceKey=main
[34m2024-10-06 01:44:00 [debug] locale resource loaded                      [39m module=application submodule=locale method=onAfterLoad app=main reqId=78ecb32d-1364-4299-a5f6-6b36981b2d31 dataSourceKey=main
[34m2024-10-06 01:44:00 [debug] starting app...                             [39m module=application app=main reqId=78ecb32d-1364-4299-a5f6-6b36981b2d31 dataSourceKey=main
[34m2024-10-06 01:44:00 [debug] loading custom collections                  [39m module=data-source-main method=loadCollections app=main reqId=78ecb32d-1364-4299-a5f6-6b36981b2d31 dataSourceKey=main
[34m2024-10-06 01:44:00 [debug] loading collections...                      [39m module=database app=main reqId=78ecb32d-1364-4299-a5f6-6b36981b2d31 dataSourceKey=main
[34m2024-10-06 01:44:00 [debug] collections loaded                          [39m module=database app=main reqId=78ecb32d-1364-4299-a5f6-6b36981b2d31 dataSourceKey=main
[32m2024-10-06 01:44:01 [info]  write roles to ACL                          [39m module=acl method=writeRolesToACL app=main reqId=78ecb32d-1364-4299-a5f6-6b36981b2d31 dataSourceKey=main
[32m2024-10-06 01:44:01 [info]  app has been started                        [39m module=application app=main reqId=78ecb32d-1364-4299-a5f6-6b36981b2d31 dataSourceKey=main
[34m2024-10-06 01:44:04 [debug] ctx permission                              [39m meta={"can":null,"resourceName":"app","actionName":"getLang","skip":true} module=app submodule=getLang app=main reqId=f477fcce-b9b7-4dac-b829-a354e8ab97ce dataSourceKey=main
[34m2024-10-06 01:44:04 [debug] acl params                                  [39m module=app submodule=getLang app=main reqId=f477fcce-b9b7-4dac-b829-a354e8ab97ce dataSourceKey=main
[34m2024-10-06 01:44:04 [debug] acl parsedParams                            [39m module=app submodule=getLang app=main reqId=f477fcce-b9b7-4dac-b829-a354e8ab97ce dataSourceKey=main
[34m2024-10-06 01:44:04 [debug] ctx permission                              [39m meta={"can":null,"resourceName":"pm","actionName":"listEnabled","skip":true} module=pm submodule=listEnabled app=main reqId=7dcf2be3-2d22-4c05-b86f-3e2266a07d6f dataSourceKey=main
[34m2024-10-06 01:44:04 [debug] acl params                                  [39m module=pm submodule=listEnabled app=main reqId=7dcf2be3-2d22-4c05-b86f-3e2266a07d6f dataSourceKey=main
[34m2024-10-06 01:44:04 [debug] acl parsedParams                            [39m module=pm submodule=listEnabled app=main reqId=7dcf2be3-2d22-4c05-b86f-3e2266a07d6f dataSourceKey=main
[34m2024-10-06 01:44:05 [debug] ctx permission                              [39m meta={"can":null,"resourceName":"auth","actionName":"check","skip":true} module=auth submodule=check app=main reqId=8e83a656-2103-4c11-a07c-9fd91bdfa130 dataSourceKey=main
[34m2024-10-06 01:44:05 [debug] acl params                                  [39m module=auth submodule=check app=main reqId=8e83a656-2103-4c11-a07c-9fd91bdfa130 dataSourceKey=main
[34m2024-10-06 01:44:05 [debug] acl parsedParams                            [39m module=auth submodule=check app=main reqId=8e83a656-2103-4c11-a07c-9fd91bdfa130 dataSourceKey=main
[34m2024-10-06 01:44:05 [debug] ctx permission                              [39m meta={"can":null,"resourceName":"systemSettings","actionName":"get","skip":true} module=systemSettings submodule=get/1 app=main reqId=224a19da-83a9-4885-a8ba-37d41d75f821 dataSourceKey=main
[34m2024-10-06 01:44:05 [debug] acl params                                  [39m module=systemSettings submodule=get/1 app=main reqId=224a19da-83a9-4885-a8ba-37d41d75f821 dataSourceKey=main
[34m2024-10-06 01:44:05 [debug] acl parsedParams                            [39m module=systemSettings submodule=get/1 app=main reqId=224a19da-83a9-4885-a8ba-37d41d75f821 dataSourceKey=main
[34m2024-10-06 01:44:05 [debug] ctx permission                              [39m meta={"can":null,"resourceName":"app","actionName":"getInfo","skip":true} module=app submodule=getInfo app=main reqId=d878b51c-7c09-4eaa-9a46-c6e38302762c dataSourceKey=main
[34m2024-10-06 01:44:05 [debug] acl params                                  [39m module=app submodule=getInfo app=main reqId=d878b51c-7c09-4eaa-9a46-c6e38302762c dataSourceKey=main
[34m2024-10-06 01:44:05 [debug] acl parsedParams                            [39m module=app submodule=getInfo app=main reqId=d878b51c-7c09-4eaa-9a46-c6e38302762c dataSourceKey=main
[34m2024-10-06 01:44:05 [debug] ctx permission                              [39m meta={"can":null,"resourceName":"themeConfig","actionName":"list","skip":true} module=themeConfig submodule=list app=main reqId=0ccbeb82-eb26-457c-b0b7-c134fd08d602 dataSourceKey=main
[34m2024-10-06 01:44:05 [debug] acl params                                  [39m module=themeConfig submodule=list app=main reqId=0ccbeb82-eb26-457c-b0b7-c134fd08d602 dataSourceKey=main
[34m2024-10-06 01:44:05 [debug] acl parsedParams                            [39m module=themeConfig submodule=list app=main reqId=0ccbeb82-eb26-457c-b0b7-c134fd08d602 dataSourceKey=main
[34m2024-10-06 01:44:05 [debug] ctx permission                              [39m meta={"can":null,"resourceName":"app","actionName":"getInfo","skip":true} module=app submodule=getInfo app=main reqId=d55955bc-94f5-46a4-b0fe-a503b994daf8 dataSourceKey=main
[34m2024-10-06 01:44:05 [debug] acl params                                  [39m module=app submodule=getInfo app=main reqId=d55955bc-94f5-46a4-b0fe-a503b994daf8 dataSourceKey=main
[34m2024-10-06 01:44:05 [debug] acl parsedParams                            [39m module=app submodule=getInfo app=main reqId=d55955bc-94f5-46a4-b0fe-a503b994daf8 dataSourceKey=main
[34m2024-10-06 01:44:05 [debug] ctx permission                              [39m meta={"can":null,"resourceName":"authenticators","actionName":"publicList","skip":true} module=authenticators submodule=publicList app=main reqId=1aebc449-1b44-44f4-ae25-8e9409aafc6e dataSourceKey=main
[34m2024-10-06 01:44:05 [debug] acl params                                  [39m module=authenticators submodule=publicList app=main reqId=1aebc449-1b44-44f4-ae25-8e9409aafc6e dataSourceKey=main
[34m2024-10-06 01:44:05 [debug] acl parsedParams                            [39m module=authenticators submodule=publicList app=main reqId=1aebc449-1b44-44f4-ae25-8e9409aafc6e dataSourceKey=main
[34m2024-10-06 01:44:08 [debug] ctx permission                              [39m meta={"can":null,"resourceName":"auth","actionName":"signIn","skip":true} module=auth submodule=signIn app=main reqId=2fcf55e3-9cfb-4993-aea4-3001d1aa52ea dataSourceKey=main
[34m2024-10-06 01:44:08 [debug] acl params                                  [39m module=auth submodule=signIn app=main reqId=2fcf55e3-9cfb-4993-aea4-3001d1aa52ea dataSourceKey=main
[34m2024-10-06 01:44:08 [debug] acl parsedParams                            [39m module=auth submodule=signIn app=main reqId=2fcf55e3-9cfb-4993-aea4-3001d1aa52ea dataSourceKey=main
[34m2024-10-06 01:44:08 [debug] ctx permission                              [39m meta={"can":null,"resourceName":"auth","actionName":"check","skip":true} module=auth submodule=check app=main reqId=3bda00ba-1b90-46c5-906b-1a4028d45591 dataSourceKey=main
[34m2024-10-06 01:44:08 [debug] acl params                                  [39m module=auth submodule=check app=main reqId=3bda00ba-1b90-46c5-906b-1a4028d45591 dataSourceKey=main
[34m2024-10-06 01:44:08 [debug] acl parsedParams                            [39m module=auth submodule=check app=main reqId=3bda00ba-1b90-46c5-906b-1a4028d45591 dataSourceKey=main
[34m2024-10-06 01:44:08 [debug] ctx permission                              [39m meta={"can":null,"resourceName":"systemSettings","actionName":"get","skip":true} module=systemSettings submodule=get/1 app=main reqId=d0238fe5-b2dd-4419-ad20-d22e1ba7bed6 dataSourceKey=main
[34m2024-10-06 01:44:08 [debug] acl params                                  [39m module=systemSettings submodule=get/1 app=main reqId=d0238fe5-b2dd-4419-ad20-d22e1ba7bed6 dataSourceKey=main
[34m2024-10-06 01:44:08 [debug] acl parsedParams                            [39m module=systemSettings submodule=get/1 app=main reqId=d0238fe5-b2dd-4419-ad20-d22e1ba7bed6 dataSourceKey=main
[34m2024-10-06 01:44:08 [debug] ctx permission                              [39m meta={"can":null,"resourceName":"app","actionName":"getInfo","skip":true} module=app submodule=getInfo app=main reqId=9e3fe3de-c59d-4ef1-a61b-d302e8ba60a1 dataSourceKey=main
[34m2024-10-06 01:44:08 [debug] acl params                                  [39m module=app submodule=getInfo app=main reqId=9e3fe3de-c59d-4ef1-a61b-d302e8ba60a1 dataSourceKey=main
[34m2024-10-06 01:44:08 [debug] acl parsedParams                            [39m module=app submodule=getInfo app=main reqId=9e3fe3de-c59d-4ef1-a61b-d302e8ba60a1 dataSourceKey=main
[34m2024-10-06 01:44:08 [debug] ctx permission                              [39m meta={"can":{"role":"root","resource":"themeConfig","action":"list"},"resourceName":"themeConfig","actionName":"list","skip":true} module=themeConfig submodule=list app=main reqId=b2bfa1e2-68d9-4922-a8c0-e8c68035be39 dataSourceKey=main
[34m2024-10-06 01:44:08 [debug] acl params                                  [39m module=themeConfig submodule=list app=main reqId=b2bfa1e2-68d9-4922-a8c0-e8c68035be39 dataSourceKey=main
[34m2024-10-06 01:44:08 [debug] acl parsedParams                            [39m module=themeConfig submodule=list app=main reqId=b2bfa1e2-68d9-4922-a8c0-e8c68035be39 dataSourceKey=main
[34m2024-10-06 01:44:08 [debug] ctx permission                              [39m meta={"can":null,"resourceName":"app","actionName":"getInfo","skip":true} module=app submodule=getInfo app=main reqId=34d88f60-e461-4f0e-a935-61554418e1de dataSourceKey=main
[34m2024-10-06 01:44:08 [debug] acl params                                  [39m module=app submodule=getInfo app=main reqId=34d88f60-e461-4f0e-a935-61554418e1de dataSourceKey=main
[34m2024-10-06 01:44:08 [debug] acl parsedParams                            [39m module=app submodule=getInfo app=main reqId=34d88f60-e461-4f0e-a935-61554418e1de dataSourceKey=main
[34m2024-10-06 01:44:08 [debug] ctx permission                              [39m meta={"can":{"role":"root","resource":"uiSchemaTemplates","action":"list"},"resourceName":"uiSchemaTemplates","actionName":"list","skip":true} module=uiSchemaTemplates submodule=list app=main reqId=134e7ad0-fd14-402f-a034-af5f4150a6db dataSourceKey=main
[34m2024-10-06 01:44:08 [debug] acl params                                  [39m module=uiSchemaTemplates submodule=list app=main reqId=134e7ad0-fd14-402f-a034-af5f4150a6db dataSourceKey=main
[34m2024-10-06 01:44:08 [debug] acl parsedParams                            [39m module=uiSchemaTemplates submodule=list app=main reqId=134e7ad0-fd14-402f-a034-af5f4150a6db dataSourceKey=main
[34m2024-10-06 01:44:08 [debug] ctx permission                              [39m meta={"can":{"role":"root","resource":"dataSources","action":"listEnabled"},"resourceName":"dataSources","actionName":"listEnabled","skip":true} module=dataSources submodule=listEnabled app=main reqId=01285540-adad-41da-950b-1c577246512a dataSourceKey=main
[34m2024-10-06 01:44:08 [debug] acl params                                  [39m module=dataSources submodule=listEnabled app=main reqId=01285540-adad-41da-950b-1c577246512a dataSourceKey=main
[34m2024-10-06 01:44:08 [debug] acl parsedParams                            [39m module=dataSources submodule=listEnabled app=main reqId=01285540-adad-41da-950b-1c577246512a dataSourceKey=main
[34m2024-10-06 01:44:08 [debug] ctx permission                              [39m meta={"can":{"role":"root","resource":"collectionCategories","action":"list"},"resourceName":"collectionCategories","actionName":"list","skip":true} module=collectionCategories submodule=list app=main reqId=46a2c56c-2a94-4b45-8c58-f5431c985529 dataSourceKey=main
[34m2024-10-06 01:44:08 [debug] acl params                                  [39m module=collectionCategories submodule=list app=main reqId=46a2c56c-2a94-4b45-8c58-f5431c985529 dataSourceKey=main
[34m2024-10-06 01:44:08 [debug] acl parsedParams                            [39m module=collectionCategories submodule=list app=main reqId=46a2c56c-2a94-4b45-8c58-f5431c985529 dataSourceKey=main
[34m2024-10-06 01:44:08 [debug] ctx permission                              [39m meta={"can":{"role":"root","resource":"collections","action":"list"},"resourceName":"collections","actionName":"list","skip":true} module=collections submodule=list app=main reqId=ea9e1d08-a9e9-4f22-b4bd-bda7861a0d8a dataSourceKey=main
[34m2024-10-06 01:44:08 [debug] acl params                                  [39m module=collections submodule=list app=main reqId=ea9e1d08-a9e9-4f22-b4bd-bda7861a0d8a dataSourceKey=main
[34m2024-10-06 01:44:08 [debug] acl parsedParams                            [39m module=collections submodule=list app=main reqId=ea9e1d08-a9e9-4f22-b4bd-bda7861a0d8a dataSourceKey=main
[34m2024-10-06 01:44:08 [debug] ctx permission                              [39m meta={"can":{"role":"root","resource":"roles","action":"check"},"resourceName":"roles","actionName":"check","skip":true} module=roles submodule=check app=main reqId=5903b50d-c264-4a25-8df4-96d29a9a87cc dataSourceKey=main
[34m2024-10-06 01:44:08 [debug] acl params                                  [39m module=roles submodule=check app=main reqId=5903b50d-c264-4a25-8df4-96d29a9a87cc dataSourceKey=main
[34m2024-10-06 01:44:08 [debug] acl parsedParams                            [39m module=roles submodule=check app=main reqId=5903b50d-c264-4a25-8df4-96d29a9a87cc dataSourceKey=main
[34m2024-10-06 01:44:08 [debug] ctx permission                              [39m meta={"can":{"role":"root","resource":"uiSchemas","action":"getJsonSchema"},"resourceName":"uiSchemas","actionName":"getJsonSchema","skip":true} module=uiSchemas submodule=getJsonSchema/nocobase-admin-menu app=main reqId=8974acd3-71eb-4435-92dc-3c3361c35764 dataSourceKey=main
[34m2024-10-06 01:44:08 [debug] acl params                                  [39m module=uiSchemas submodule=getJsonSchema/nocobase-admin-menu app=main reqId=8974acd3-71eb-4435-92dc-3c3361c35764 dataSourceKey=main
[34m2024-10-06 01:44:08 [debug] acl parsedParams                            [39m module=uiSchemas submodule=getJsonSchema/nocobase-admin-menu app=main reqId=8974acd3-71eb-4435-92dc-3c3361c35764 dataSourceKey=main
[34m2024-10-06 01:44:08 [debug] ctx permission                              [39m meta={"can":{"role":"root","resource":"uiSchemas","action":"getProperties"},"resourceName":"uiSchemas","actionName":"getProperties","skip":true} module=uiSchemas submodule=getProperties/3gdbonxf395 app=main reqId=d43970bd-2466-4d20-8693-761867be21bb dataSourceKey=main
[34m2024-10-06 01:44:08 [debug] acl params                                  [39m module=uiSchemas submodule=getProperties/3gdbonxf395 app=main reqId=d43970bd-2466-4d20-8693-761867be21bb dataSourceKey=main
[34m2024-10-06 01:44:08 [debug] acl parsedParams                            [39m module=uiSchemas submodule=getProperties/3gdbonxf395 app=main reqId=d43970bd-2466-4d20-8693-761867be21bb dataSourceKey=main
[34m2024-10-06 01:44:08 [debug] ctx permission                              [39m meta={"can":null,"resourceName":"leaves","actionName":"list","skip":true} module=leaves submodule=list app=main reqId=bc410534-5f30-41af-ba50-468497117cff dataSourceKey=main
[34m2024-10-06 01:44:08 [debug] acl params                                  [39m module=leaves submodule=list app=main reqId=bc410534-5f30-41af-ba50-468497117cff dataSourceKey=main
[34m2024-10-06 01:44:08 [debug] acl parsedParams                            [39m module=leaves submodule=list app=main reqId=bc410534-5f30-41af-ba50-468497117cff dataSourceKey=main
[32m2024-10-06 01:44:08 [info]  filter-parse:                               [39m meta={"userFields":["id"]} module=leaves submodule=list app=main reqId=bc410534-5f30-41af-ba50-468497117cff dataSourceKey=main
[32m2024-10-06 01:44:08 [info]  filter-parse:                               [39m meta={"$user":{"id":1}} module=leaves submodule=list app=main reqId=bc410534-5f30-41af-ba50-468497117cff dataSourceKey=main
2024-10-06 02:09:03 [debug] create database instance: {"sync":{"alter":{"drop":false},"force":false},"logging":false,"dialect":"postgres","username":"postgres","database":"nocobase","port":"5432","timezone":"+08:00","underscored":false,"migrator":{"context":{"app":{"appName":"main","name":"main"}}},"logger":{},"rawTimezone":"+08:00"} meta={"databaseInstanceId":"B5pt25D-2Ek8uhUojv95a"} module=database app=main reqId=d73cd1b6-5a6e-4617-b382-fce4cfeab550 dataSourceKey=main
2024-10-06 02:09:03 [info]  add app main into supervisor                 module=application submodule=supervisor method=addApp app=main reqId=d73cd1b6-5a6e-4617-b382-fce4cfeab550 dataSourceKey=main
2024-10-06 02:09:03 [info]  connection has been established successfully. module=database method=auth app=main reqId=d73cd1b6-5a6e-4617-b382-fce4cfeab550 dataSourceKey=main
2024-10-06 02:09:03 [debug] init plugins                                 module=application app=main reqId=d73cd1b6-5a6e-4617-b382-fce4cfeab550 dataSourceKey=main
2024-10-06 02:09:04 [debug] loading app...                               module=application app=main reqId=d73cd1b6-5a6e-4617-b382-fce4cfeab550 dataSourceKey=main
2024-10-06 02:09:04 [debug] loading plugins...                           module=application app=main reqId=d73cd1b6-5a6e-4617-b382-fce4cfeab550 dataSourceKey=main
2024-10-06 02:09:04 [debug] plugins loaded                               module=application app=main reqId=d73cd1b6-5a6e-4617-b382-fce4cfeab550 dataSourceKey=main
2024-10-06 02:09:04 [debug] loading locale resource...                   module=application submodule=locale method=onAfterLoad app=main reqId=d73cd1b6-5a6e-4617-b382-fce4cfeab550 dataSourceKey=main
2024-10-06 02:09:04 [debug] locale resource loaded                       module=application submodule=locale method=onAfterLoad app=main reqId=d73cd1b6-5a6e-4617-b382-fce4cfeab550 dataSourceKey=main
2024-10-06 02:09:04 [debug] starting app...                              module=application app=main reqId=d73cd1b6-5a6e-4617-b382-fce4cfeab550 dataSourceKey=main
2024-10-06 02:09:04 [debug] loading custom collections                   module=data-source-main method=loadCollections app=main reqId=d73cd1b6-5a6e-4617-b382-fce4cfeab550 dataSourceKey=main
2024-10-06 02:09:04 [debug] loading collections...                       module=database app=main reqId=d73cd1b6-5a6e-4617-b382-fce4cfeab550 dataSourceKey=main
2024-10-06 02:09:04 [debug] collections loaded                           module=database app=main reqId=d73cd1b6-5a6e-4617-b382-fce4cfeab550 dataSourceKey=main
2024-10-06 02:09:04 [info]  write roles to ACL                           module=acl method=writeRolesToACL app=main reqId=d73cd1b6-5a6e-4617-b382-fce4cfeab550 dataSourceKey=main
2024-10-06 02:09:04 [info]  app has been started                         module=application app=main reqId=d73cd1b6-5a6e-4617-b382-fce4cfeab550 dataSourceKey=main
2024-10-06 02:09:05 [debug] ctx permission                               meta={"can":null,"resourceName":"app","actionName":"getLang","skip":true} module=app submodule=getLang app=main reqId=ca048d21-a979-4e66-b9f2-0c2dae758a6a dataSourceKey=main
2024-10-06 02:09:05 [debug] acl params                                   module=app submodule=getLang app=main reqId=ca048d21-a979-4e66-b9f2-0c2dae758a6a dataSourceKey=main
2024-10-06 02:09:05 [debug] acl parsedParams                             module=app submodule=getLang app=main reqId=ca048d21-a979-4e66-b9f2-0c2dae758a6a dataSourceKey=main
2024-10-06 02:09:05 [debug] ctx permission                               meta={"can":{"role":"root","resource":"pm","action":"listEnabled"},"resourceName":"pm","actionName":"listEnabled","skip":true} module=pm submodule=listEnabled app=main reqId=d3c76e56-094e-4ed0-bd2d-5b1e9acb73cd dataSourceKey=main
2024-10-06 02:09:05 [debug] acl params                                   module=pm submodule=listEnabled app=main reqId=d3c76e56-094e-4ed0-bd2d-5b1e9acb73cd dataSourceKey=main
2024-10-06 02:09:05 [debug] acl parsedParams                             module=pm submodule=listEnabled app=main reqId=d3c76e56-094e-4ed0-bd2d-5b1e9acb73cd dataSourceKey=main
2024-10-06 02:09:06 [debug] ctx permission                               meta={"can":null,"resourceName":"auth","actionName":"check","skip":true} module=auth submodule=check app=main reqId=29b96a00-2766-4687-8be0-823cb87ae164 dataSourceKey=main
2024-10-06 02:09:06 [debug] acl params                                   module=auth submodule=check app=main reqId=29b96a00-2766-4687-8be0-823cb87ae164 dataSourceKey=main
2024-10-06 02:09:06 [debug] acl parsedParams                             module=auth submodule=check app=main reqId=29b96a00-2766-4687-8be0-823cb87ae164 dataSourceKey=main
2024-10-06 02:09:06 [debug] ctx permission                               meta={"can":null,"resourceName":"systemSettings","actionName":"get","skip":true} module=systemSettings submodule=get/1 app=main reqId=2d0f0007-4602-4891-bf2f-373a3a86c049 dataSourceKey=main
2024-10-06 02:09:06 [debug] acl params                                   module=systemSettings submodule=get/1 app=main reqId=2d0f0007-4602-4891-bf2f-373a3a86c049 dataSourceKey=main
2024-10-06 02:09:06 [debug] acl parsedParams                             module=systemSettings submodule=get/1 app=main reqId=2d0f0007-4602-4891-bf2f-373a3a86c049 dataSourceKey=main
2024-10-06 02:09:06 [debug] ctx permission                               meta={"can":{"role":"root","resource":"authenticators","action":"publicList"},"resourceName":"authenticators","actionName":"publicList","skip":true} module=authenticators submodule=publicList app=main reqId=9258cd3b-7a36-45b3-85a6-f4bbf61cce85 dataSourceKey=main
2024-10-06 02:09:06 [debug] acl params                                   module=authenticators submodule=publicList app=main reqId=9258cd3b-7a36-45b3-85a6-f4bbf61cce85 dataSourceKey=main
2024-10-06 02:09:06 [debug] acl parsedParams                             module=authenticators submodule=publicList app=main reqId=9258cd3b-7a36-45b3-85a6-f4bbf61cce85 dataSourceKey=main
2024-10-06 02:09:06 [debug] ctx permission                               meta={"can":{"role":"root","resource":"themeConfig","action":"list"},"resourceName":"themeConfig","actionName":"list","skip":true} module=themeConfig submodule=list app=main reqId=932a5c85-5c1c-400e-a70f-03c98bb46c32 dataSourceKey=main
2024-10-06 02:09:06 [debug] acl params                                   module=themeConfig submodule=list app=main reqId=932a5c85-5c1c-400e-a70f-03c98bb46c32 dataSourceKey=main
2024-10-06 02:09:06 [debug] acl parsedParams                             module=themeConfig submodule=list app=main reqId=932a5c85-5c1c-400e-a70f-03c98bb46c32 dataSourceKey=main
2024-10-06 02:09:06 [debug] ctx permission                               meta={"can":{"role":"root","resource":"authenticators","action":"publicList"},"resourceName":"authenticators","actionName":"publicList","skip":true} module=authenticators submodule=publicList app=main reqId=66e57ecc-a7f6-41c3-a09e-2354e39c5732 dataSourceKey=main
2024-10-06 02:09:06 [debug] acl params                                   module=authenticators submodule=publicList app=main reqId=66e57ecc-a7f6-41c3-a09e-2354e39c5732 dataSourceKey=main
2024-10-06 02:09:06 [debug] acl parsedParams                             module=authenticators submodule=publicList app=main reqId=66e57ecc-a7f6-41c3-a09e-2354e39c5732 dataSourceKey=main
2024-10-06 02:09:10 [debug] ctx permission                               meta={"can":null,"resourceName":"app","actionName":"getLang","skip":true} module=app submodule=getLang app=main reqId=d1aa1330-9620-444e-bd09-bf7c3ecf03b2 dataSourceKey=main
2024-10-06 02:09:10 [debug] acl params                                   module=app submodule=getLang app=main reqId=d1aa1330-9620-444e-bd09-bf7c3ecf03b2 dataSourceKey=main
2024-10-06 02:09:10 [debug] acl parsedParams                             module=app submodule=getLang app=main reqId=d1aa1330-9620-444e-bd09-bf7c3ecf03b2 dataSourceKey=main
2024-10-06 02:09:10 [debug] ctx permission                               meta={"can":{"role":"root","resource":"pm","action":"listEnabled"},"resourceName":"pm","actionName":"listEnabled","skip":true} module=pm submodule=listEnabled app=main reqId=c786087a-e75e-43ba-95d3-9ff99f2c0d67 dataSourceKey=main
2024-10-06 02:09:10 [debug] acl params                                   module=pm submodule=listEnabled app=main reqId=c786087a-e75e-43ba-95d3-9ff99f2c0d67 dataSourceKey=main
2024-10-06 02:09:10 [debug] acl parsedParams                             module=pm submodule=listEnabled app=main reqId=c786087a-e75e-43ba-95d3-9ff99f2c0d67 dataSourceKey=main
2024-10-06 02:09:10 [debug] ctx permission                               meta={"can":null,"resourceName":"auth","actionName":"check","skip":true} module=auth submodule=check app=main reqId=0f7ead21-91e7-45b5-b53b-a26ac16c1507 dataSourceKey=main
2024-10-06 02:09:10 [debug] acl params                                   module=auth submodule=check app=main reqId=0f7ead21-91e7-45b5-b53b-a26ac16c1507 dataSourceKey=main
2024-10-06 02:09:10 [debug] acl parsedParams                             module=auth submodule=check app=main reqId=0f7ead21-91e7-45b5-b53b-a26ac16c1507 dataSourceKey=main
2024-10-06 02:09:10 [debug] ctx permission                               meta={"can":null,"resourceName":"systemSettings","actionName":"get","skip":true} module=systemSettings submodule=get/1 app=main reqId=5444ff7d-be80-429e-b574-ef306e45eb22 dataSourceKey=main
2024-10-06 02:09:10 [debug] acl params                                   module=systemSettings submodule=get/1 app=main reqId=5444ff7d-be80-429e-b574-ef306e45eb22 dataSourceKey=main
2024-10-06 02:09:10 [debug] acl parsedParams                             module=systemSettings submodule=get/1 app=main reqId=5444ff7d-be80-429e-b574-ef306e45eb22 dataSourceKey=main
2024-10-06 02:09:10 [debug] ctx permission                               meta={"can":{"role":"root","resource":"authenticators","action":"publicList"},"resourceName":"authenticators","actionName":"publicList","skip":true} module=authenticators submodule=publicList app=main reqId=b4350bbc-fd13-4454-9593-2fa1b9dcb807 dataSourceKey=main
2024-10-06 02:09:10 [debug] acl params                                   module=authenticators submodule=publicList app=main reqId=b4350bbc-fd13-4454-9593-2fa1b9dcb807 dataSourceKey=main
2024-10-06 02:09:10 [debug] acl parsedParams                             module=authenticators submodule=publicList app=main reqId=b4350bbc-fd13-4454-9593-2fa1b9dcb807 dataSourceKey=main
2024-10-06 02:09:10 [debug] ctx permission                               meta={"can":{"role":"root","resource":"themeConfig","action":"list"},"resourceName":"themeConfig","actionName":"list","skip":true} module=themeConfig submodule=list app=main reqId=270d7acc-06fe-484f-b5a5-0757603ff3d7 dataSourceKey=main
2024-10-06 02:09:10 [debug] acl params                                   module=themeConfig submodule=list app=main reqId=270d7acc-06fe-484f-b5a5-0757603ff3d7 dataSourceKey=main
2024-10-06 02:09:10 [debug] acl parsedParams                             module=themeConfig submodule=list app=main reqId=270d7acc-06fe-484f-b5a5-0757603ff3d7 dataSourceKey=main
2024-10-06 02:09:10 [debug] ctx permission                               meta={"can":{"role":"root","resource":"authenticators","action":"publicList"},"resourceName":"authenticators","actionName":"publicList","skip":true} module=authenticators submodule=publicList app=main reqId=5176ae7e-9eac-47d0-b43b-ec0f233e1377 dataSourceKey=main
2024-10-06 02:09:10 [debug] acl params                                   module=authenticators submodule=publicList app=main reqId=5176ae7e-9eac-47d0-b43b-ec0f233e1377 dataSourceKey=main
2024-10-06 02:09:10 [debug] acl parsedParams                             module=authenticators submodule=publicList app=main reqId=5176ae7e-9eac-47d0-b43b-ec0f233e1377 dataSourceKey=main
2024-10-06 02:09:13 [debug] ctx permission                               meta={"can":null,"resourceName":"auth","actionName":"signIn","skip":true} module=auth submodule=signIn app=main reqId=0b178979-bcbd-4634-9411-c0e363c79c44 dataSourceKey=main
2024-10-06 02:09:13 [debug] acl params                                   module=auth submodule=signIn app=main reqId=0b178979-bcbd-4634-9411-c0e363c79c44 dataSourceKey=main
2024-10-06 02:09:13 [debug] acl parsedParams                             module=auth submodule=signIn app=main reqId=0b178979-bcbd-4634-9411-c0e363c79c44 dataSourceKey=main
2024-10-06 02:09:13 [debug] ctx permission                               meta={"can":null,"resourceName":"auth","actionName":"check","skip":true} module=auth submodule=check app=main reqId=639da52c-586e-46d5-a52b-ec08476e74cf dataSourceKey=main
2024-10-06 02:09:13 [debug] acl params                                   module=auth submodule=check app=main reqId=639da52c-586e-46d5-a52b-ec08476e74cf dataSourceKey=main
2024-10-06 02:09:13 [debug] acl parsedParams                             module=auth submodule=check app=main reqId=639da52c-586e-46d5-a52b-ec08476e74cf dataSourceKey=main
2024-10-06 02:09:13 [debug] ctx permission                               meta={"can":null,"resourceName":"systemSettings","actionName":"get","skip":true} module=systemSettings submodule=get/1 app=main reqId=ff55d8ba-6bc5-4ed9-bc2a-d947b12d1b73 dataSourceKey=main
2024-10-06 02:09:13 [debug] acl params                                   module=systemSettings submodule=get/1 app=main reqId=ff55d8ba-6bc5-4ed9-bc2a-d947b12d1b73 dataSourceKey=main
2024-10-06 02:09:13 [debug] acl parsedParams                             module=systemSettings submodule=get/1 app=main reqId=ff55d8ba-6bc5-4ed9-bc2a-d947b12d1b73 dataSourceKey=main
2024-10-06 02:09:14 [debug] ctx permission                               meta={"can":null,"resourceName":"app","actionName":"getInfo","skip":true} module=app submodule=getInfo app=main reqId=ee8e004b-8b9b-41a6-994d-6148025d1d80 dataSourceKey=main
2024-10-06 02:09:14 [debug] acl params                                   module=app submodule=getInfo app=main reqId=ee8e004b-8b9b-41a6-994d-6148025d1d80 dataSourceKey=main
2024-10-06 02:09:14 [debug] acl parsedParams                             module=app submodule=getInfo app=main reqId=ee8e004b-8b9b-41a6-994d-6148025d1d80 dataSourceKey=main
2024-10-06 02:09:14 [debug] ctx permission                               meta={"can":{"role":"root","resource":"themeConfig","action":"list"},"resourceName":"themeConfig","actionName":"list","skip":true} module=themeConfig submodule=list app=main reqId=a6799caf-5485-4a5e-a2ef-77801a5e6d73 dataSourceKey=main
2024-10-06 02:09:14 [debug] acl params                                   module=themeConfig submodule=list app=main reqId=a6799caf-5485-4a5e-a2ef-77801a5e6d73 dataSourceKey=main
2024-10-06 02:09:14 [debug] acl parsedParams                             module=themeConfig submodule=list app=main reqId=a6799caf-5485-4a5e-a2ef-77801a5e6d73 dataSourceKey=main
2024-10-06 02:09:14 [debug] ctx permission                               meta={"can":null,"resourceName":"app","actionName":"getInfo","skip":true} module=app submodule=getInfo app=main reqId=95346189-b53b-49d3-84a2-77c0705c18bc dataSourceKey=main
2024-10-06 02:09:14 [debug] acl params                                   module=app submodule=getInfo app=main reqId=95346189-b53b-49d3-84a2-77c0705c18bc dataSourceKey=main
2024-10-06 02:09:14 [debug] acl parsedParams                             module=app submodule=getInfo app=main reqId=95346189-b53b-49d3-84a2-77c0705c18bc dataSourceKey=main
2024-10-06 02:09:14 [debug] ctx permission                               meta={"can":{"role":"root","resource":"uiSchemaTemplates","action":"list"},"resourceName":"uiSchemaTemplates","actionName":"list","skip":true} module=uiSchemaTemplates submodule=list app=main reqId=a319f0c3-7d38-4679-83de-93e90c1b5fb8 dataSourceKey=main
2024-10-06 02:09:14 [debug] acl params                                   module=uiSchemaTemplates submodule=list app=main reqId=a319f0c3-7d38-4679-83de-93e90c1b5fb8 dataSourceKey=main
2024-10-06 02:09:14 [debug] acl parsedParams                             module=uiSchemaTemplates submodule=list app=main reqId=a319f0c3-7d38-4679-83de-93e90c1b5fb8 dataSourceKey=main
2024-10-06 02:09:14 [debug] ctx permission                               meta={"can":{"role":"root","resource":"dataSources","action":"listEnabled"},"resourceName":"dataSources","actionName":"listEnabled","skip":true} module=dataSources submodule=listEnabled app=main reqId=17b8229e-f75e-467c-a1e1-a4fafa2e4bf1 dataSourceKey=main
2024-10-06 02:09:14 [debug] acl params                                   module=dataSources submodule=listEnabled app=main reqId=17b8229e-f75e-467c-a1e1-a4fafa2e4bf1 dataSourceKey=main
2024-10-06 02:09:14 [debug] acl parsedParams                             module=dataSources submodule=listEnabled app=main reqId=17b8229e-f75e-467c-a1e1-a4fafa2e4bf1 dataSourceKey=main
2024-10-06 02:09:14 [debug] ctx permission                               meta={"can":{"role":"root","resource":"collectionCategories","action":"list"},"resourceName":"collectionCategories","actionName":"list","skip":true} module=collectionCategories submodule=list app=main reqId=d50b10df-7e0f-40fa-b7a1-2f5fb1a9956e dataSourceKey=main
2024-10-06 02:09:14 [debug] acl params                                   module=collectionCategories submodule=list app=main reqId=d50b10df-7e0f-40fa-b7a1-2f5fb1a9956e dataSourceKey=main
2024-10-06 02:09:14 [debug] acl parsedParams                             module=collectionCategories submodule=list app=main reqId=d50b10df-7e0f-40fa-b7a1-2f5fb1a9956e dataSourceKey=main
2024-10-06 02:09:14 [debug] ctx permission                               meta={"can":{"role":"root","resource":"collections","action":"list"},"resourceName":"collections","actionName":"list","skip":true} module=collections submodule=list app=main reqId=394ff6df-b23a-4799-ae72-100cd74fc72e dataSourceKey=main
2024-10-06 02:09:14 [debug] acl params                                   module=collections submodule=list app=main reqId=394ff6df-b23a-4799-ae72-100cd74fc72e dataSourceKey=main
2024-10-06 02:09:14 [debug] acl parsedParams                             module=collections submodule=list app=main reqId=394ff6df-b23a-4799-ae72-100cd74fc72e dataSourceKey=main
2024-10-06 02:09:14 [debug] ctx permission                               meta={"can":{"role":"root","resource":"roles","action":"check"},"resourceName":"roles","actionName":"check","skip":true} module=roles submodule=check app=main reqId=124c38b3-00e8-4a5a-a513-bb59ddb2d497 dataSourceKey=main
2024-10-06 02:09:14 [debug] acl params                                   module=roles submodule=check app=main reqId=124c38b3-00e8-4a5a-a513-bb59ddb2d497 dataSourceKey=main
2024-10-06 02:09:14 [debug] acl parsedParams                             module=roles submodule=check app=main reqId=124c38b3-00e8-4a5a-a513-bb59ddb2d497 dataSourceKey=main
2024-10-06 02:09:14 [debug] ctx permission                               meta={"can":{"role":"root","resource":"uiSchemas","action":"getJsonSchema"},"resourceName":"uiSchemas","actionName":"getJsonSchema","skip":true} module=uiSchemas submodule=getJsonSchema/nocobase-admin-menu app=main reqId=88dda007-b3a1-42a8-8979-943a8b1179ae dataSourceKey=main
2024-10-06 02:09:14 [debug] acl params                                   module=uiSchemas submodule=getJsonSchema/nocobase-admin-menu app=main reqId=88dda007-b3a1-42a8-8979-943a8b1179ae dataSourceKey=main
2024-10-06 02:09:14 [debug] acl parsedParams                             module=uiSchemas submodule=getJsonSchema/nocobase-admin-menu app=main reqId=88dda007-b3a1-42a8-8979-943a8b1179ae dataSourceKey=main
2024-10-06 02:09:14 [debug] ctx permission                               meta={"can":{"role":"root","resource":"uiSchemas","action":"getProperties"},"resourceName":"uiSchemas","actionName":"getProperties","skip":true} module=uiSchemas submodule=getProperties/3gdbonxf395 app=main reqId=87b39cbf-c691-4cfd-a4e2-076d4c9d0c96 dataSourceKey=main
2024-10-06 02:09:14 [debug] acl params                                   module=uiSchemas submodule=getProperties/3gdbonxf395 app=main reqId=87b39cbf-c691-4cfd-a4e2-076d4c9d0c96 dataSourceKey=main
2024-10-06 02:09:14 [debug] acl parsedParams                             module=uiSchemas submodule=getProperties/3gdbonxf395 app=main reqId=87b39cbf-c691-4cfd-a4e2-076d4c9d0c96 dataSourceKey=main
2024-10-06 02:09:14 [debug] ctx permission                               meta={"can":{"role":"root","resource":"uiSchemas","action":"getParentJsonSchema"},"resourceName":"uiSchemas","actionName":"getParentJsonSchema","skip":true} module=uiSchemas submodule=getParentJsonSchema/vsdfe8zhxsv app=main reqId=ba923091-3e7d-45d4-885b-a9072ded6914 dataSourceKey=main
2024-10-06 02:09:14 [debug] acl params                                   module=uiSchemas submodule=getParentJsonSchema/vsdfe8zhxsv app=main reqId=ba923091-3e7d-45d4-885b-a9072ded6914 dataSourceKey=main
2024-10-06 02:09:14 [debug] acl parsedParams                             module=uiSchemas submodule=getParentJsonSchema/vsdfe8zhxsv app=main reqId=ba923091-3e7d-45d4-885b-a9072ded6914 dataSourceKey=main
2024-10-06 02:09:14 [debug] ctx permission                               meta={"can":null,"resourceName":"leaves","actionName":"list","skip":true} module=leaves submodule=list app=main reqId=6fa258bf-ae20-4974-b68b-3172b8f2f678 dataSourceKey=main
2024-10-06 02:09:14 [debug] acl params                                   module=leaves submodule=list app=main reqId=6fa258bf-ae20-4974-b68b-3172b8f2f678 dataSourceKey=main
2024-10-06 02:09:14 [debug] acl parsedParams                             module=leaves submodule=list app=main reqId=6fa258bf-ae20-4974-b68b-3172b8f2f678 dataSourceKey=main
2024-10-06 02:09:14 [info]  filter-parse:                                meta={"userFields":["id"]} module=leaves submodule=list app=main reqId=6fa258bf-ae20-4974-b68b-3172b8f2f678 dataSourceKey=main
2024-10-06 02:09:14 [info]  filter-parse:                                meta={"$user":{"id":1}} module=leaves submodule=list app=main reqId=6fa258bf-ae20-4974-b68b-3172b8f2f678 dataSourceKey=main
