[32m2024-10-03 17:36:44 [info]  new event triggered, now events: 1          [39m 
[34m2024-10-03 17:36:44 [debug] event data:                                 [39m context={"data":{"createdAt":"2024-10-03T09:36:44.862Z","updatedAt":"2024-10-03T09:36:44.866Z","id":6,"approval_status":"approved","f_w86ybs4flgx":4,"createdById":4,"updatedById":4}}
[32m2024-10-03 17:36:44 [info]  preparing execution for event               [39m 
[32m2024-10-03 17:36:44 [info]  execution of workflow 3 created as 5        [39m 
[32m2024-10-03 17:36:44 [info]  pending execution (5) ready to process      [39m 
[32m2024-10-03 17:36:44 [info]  execution (5) starting...                   [39m 
[32m2024-10-03 17:36:44 [info]  execution (5) run instruction [update] for node (3)[39m 
[34m2024-10-03 17:36:44 [debug] config of node                              [39m data={"usingAssignFormSchema":true,"assignFormSchema":{"_isJSONSchemaObject":true,"version":"2.0","name":"avx9e7ej3fq","type":"void","x-component":"Grid","x-initializer":"assignFieldValuesForm:configureFields","properties":{"8xv0s17yje0":{"_isJSONSchemaObject":true,"version":"2.0","type":"void","x-component":"Grid.Row","properties":{"vsm2tindvx5":{"_isJSONSchemaObject":true,"version":"2.0","type":"void","x-component":"Grid.Col","properties":{"hr_approval":{"_isJSONSchemaObject":true,"version":"2.0","type":"string","name":"hr_approval","title":"HR Approval","x-toolbar":"FormItemSchemaToolbar","x-settings":"fieldSettings:FormItem","x-component":"AssignedField","x-decorator":"FormItem","x-collection-field":"leaves.hr_approval","x-component-props":{"style":{"width":"100%"}}}},"name":"vsm2tindvx5"}},"name":"8xv0s17yje0"}}},"collection":"leaves","params":{"individualHooks":false,"filter":{"$and":[{"id":{"$eq":"{{$context.data.f_w86ybs4flgx}}"}}]},"values":{"hr_approval":"{{$context.data.approval_status}}"}}}
[32m2024-10-03 17:36:44 [info]  execution (5) run instruction [update] for node (3) finished as status: 1[39m 
[34m2024-10-03 17:36:44 [debug] result of node                              [39m data=1
[34m2024-10-03 17:36:44 [debug] branch ended at node (3)                    [39m 
[32m2024-10-03 17:36:44 [info]  execution (5) exiting with status 1         [39m 
[32m2024-10-03 17:36:44 [info]  execution (5) finished with status: 1       [39m execution={"id":5,"context":{"data":{"createdAt":"2024-10-03T09:36:44.862Z","updatedAt":"2024-10-03T09:36:44.866Z","id":6,"approval_status":"approved","f_w86ybs4flgx":4,"createdById":4,"updatedById":4}},"key":"i3snklgaxtn","eventKey":"c6d216fe-32ff-4831-b0ea-de2c482f1f29","status":1,"workflowId":3,"updatedAt":"2024-10-03T09:36:44.897Z","createdAt":"2024-10-03T09:36:44.880Z"}
[32m2024-10-03 18:04:59 [info]  new event triggered, now events: 1          [39m 
[34m2024-10-03 18:04:59 [debug] event data:                                 [39m context={"data":{"createdAt":"2024-10-03T10:04:59.880Z","updatedAt":"2024-10-03T10:04:59.887Z","id":10,"approval_status":"approved","f_w86ybs4flgx":5,"createdById":4,"updatedById":4}}
[32m2024-10-03 18:04:59 [info]  preparing execution for event               [39m 
[32m2024-10-03 18:04:59 [info]  execution of workflow 3 created as 11       [39m 
[32m2024-10-03 18:04:59 [info]  pending execution (11) ready to process     [39m 
[32m2024-10-03 18:04:59 [info]  execution (11) starting...                  [39m 
[32m2024-10-03 18:04:59 [info]  execution (11) run instruction [update] for node (3)[39m 
[34m2024-10-03 18:04:59 [debug] config of node                              [39m data={"usingAssignFormSchema":true,"assignFormSchema":{"_isJSONSchemaObject":true,"version":"2.0","name":"avx9e7ej3fq","type":"void","x-component":"Grid","x-initializer":"assignFieldValuesForm:configureFields","properties":{"8xv0s17yje0":{"_isJSONSchemaObject":true,"version":"2.0","type":"void","x-component":"Grid.Row","properties":{"vsm2tindvx5":{"_isJSONSchemaObject":true,"version":"2.0","type":"void","x-component":"Grid.Col","properties":{"hr_approval":{"_isJSONSchemaObject":true,"version":"2.0","type":"string","name":"hr_approval","title":"HR Approval","x-toolbar":"FormItemSchemaToolbar","x-settings":"fieldSettings:FormItem","x-component":"AssignedField","x-decorator":"FormItem","x-collection-field":"leaves.hr_approval","x-component-props":{"style":{"width":"100%"}}}},"name":"vsm2tindvx5"}},"name":"8xv0s17yje0"}}},"collection":"leaves","params":{"individualHooks":false,"filter":{"$and":[{"id":{"$eq":"{{$context.data.f_w86ybs4flgx}}"}}]},"values":{"hr_approval":"{{$context.data.approval_status}}"}}}
[32m2024-10-03 18:04:59 [info]  execution (11) run instruction [update] for node (3) finished as status: 1[39m 
[34m2024-10-03 18:04:59 [debug] result of node                              [39m data=1
[34m2024-10-03 18:04:59 [debug] branch ended at node (3)                    [39m 
[32m2024-10-03 18:04:59 [info]  execution (11) exiting with status 1        [39m 
[32m2024-10-03 18:04:59 [info]  execution (11) finished with status: 1      [39m execution={"id":11,"context":{"data":{"createdAt":"2024-10-03T10:04:59.880Z","updatedAt":"2024-10-03T10:04:59.887Z","id":10,"approval_status":"approved","f_w86ybs4flgx":5,"createdById":4,"updatedById":4}},"key":"i3snklgaxtn","eventKey":"63ce38f0-032c-4239-996b-646684cf5795","status":1,"workflowId":3,"updatedAt":"2024-10-03T10:04:59.927Z","createdAt":"2024-10-03T10:04:59.899Z"}
