[32m2024-10-03 16:02:44 [info]  new event triggered, now events: 1          [39m 
[34m2024-10-03 16:02:44 [debug] event data:                                 [39m context={"data":{"createdAt":"2024-10-03T08:02:44.190Z","updatedAt":"2024-10-03T08:02:44.190Z","id":1,"approval_status":"approved","createdById":1,"updatedById":1,"f_w86ybs4flgx":null}}
[32m2024-10-03 16:02:44 [info]  preparing execution for event               [39m 
[32m2024-10-03 16:02:44 [info]  execution of workflow 2 created as 1        [39m 
[32m2024-10-03 16:02:44 [info]  pending execution (1) ready to process      [39m 
[32m2024-10-03 16:02:44 [info]  execution (1) starting...                   [39m 
[32m2024-10-03 16:02:44 [info]  execution (1) run instruction [update] for node (2)[39m 
[34m2024-10-03 16:02:44 [debug] config of node                              [39m data={"usingAssignFormSchema":true,"assignFormSchema":{"_isJSONSchemaObject":true,"version":"2.0","name":"avx9e7ej3fq","type":"void","x-component":"Grid","x-initializer":"assignFieldValuesForm:configureFields","properties":{"8hdldud3rfo":{"_isJSONSchemaObject":true,"version":"2.0","type":"void","x-component":"Grid.Row","properties":{"ad8culxjagn":{"_isJSONSchemaObject":true,"version":"2.0","type":"void","x-component":"Grid.Col","properties":{"manager_approval":{"_isJSONSchemaObject":true,"version":"2.0","type":"string","name":"manager_approval","title":"Manger Approval","x-toolbar":"FormItemSchemaToolbar","x-settings":"fieldSettings:FormItem","x-component":"AssignedField","x-decorator":"FormItem","x-collection-field":"leaves.manager_approval","x-component-props":{"style":{"width":"100%"}}}},"name":"ad8culxjagn"}},"name":"8hdldud3rfo"}}},"collection":"leaves","params":{"individualHooks":false,"filter":{"$and":[{"id":{"$eq":"{{$context.data.f_w86ybs4flgx}}"}}]},"values":{"manager_approval":"{{$context.data.approval_status}}"}}}
[32m2024-10-03 16:02:44 [info]  execution (1) run instruction [update] for node (2) finished as status: 1[39m 
[34m2024-10-03 16:02:44 [debug] result of node                              [39m 
[34m2024-10-03 16:02:44 [debug] branch ended at node (2)                    [39m 
[32m2024-10-03 16:02:44 [info]  execution (1) exiting with status 1         [39m 
[32m2024-10-03 16:02:44 [info]  execution (1) finished with status: 1       [39m execution={"id":1,"context":{"data":{"createdAt":"2024-10-03T08:02:44.190Z","updatedAt":"2024-10-03T08:02:44.190Z","id":1,"approval_status":"approved","createdById":1,"updatedById":1,"f_w86ybs4flgx":null}},"key":"tyhakg4zkb8","eventKey":"0fe01ffc-81c3-4382-b69c-ebcbdf5cf9cd","status":1,"workflowId":2,"updatedAt":"2024-10-03T08:02:44.257Z","createdAt":"2024-10-03T08:02:44.217Z"}
[32m2024-10-03 16:05:43 [info]  new event triggered, now events: 1          [39m 
[34m2024-10-03 16:05:43 [debug] event data:                                 [39m context={"data":{"createdAt":"2024-10-03T08:05:43.747Z","updatedAt":"2024-10-03T08:05:43.752Z","id":2,"approval_status":"approved","f_w86ybs4flgx":3,"createdById":1,"updatedById":1}}
[32m2024-10-03 16:05:43 [info]  preparing execution for event               [39m 
[32m2024-10-03 16:05:43 [info]  execution of workflow 2 created as 2        [39m 
[32m2024-10-03 16:05:43 [info]  pending execution (2) ready to process      [39m 
[32m2024-10-03 16:05:43 [info]  execution (2) starting...                   [39m 
[32m2024-10-03 16:05:43 [info]  execution (2) run instruction [update] for node (2)[39m 
[34m2024-10-03 16:05:43 [debug] config of node                              [39m data={"usingAssignFormSchema":true,"assignFormSchema":{"_isJSONSchemaObject":true,"version":"2.0","name":"avx9e7ej3fq","type":"void","x-component":"Grid","x-initializer":"assignFieldValuesForm:configureFields","properties":{"8hdldud3rfo":{"_isJSONSchemaObject":true,"version":"2.0","type":"void","x-component":"Grid.Row","properties":{"ad8culxjagn":{"_isJSONSchemaObject":true,"version":"2.0","type":"void","x-component":"Grid.Col","properties":{"manager_approval":{"_isJSONSchemaObject":true,"version":"2.0","type":"string","name":"manager_approval","title":"Manger Approval","x-toolbar":"FormItemSchemaToolbar","x-settings":"fieldSettings:FormItem","x-component":"AssignedField","x-decorator":"FormItem","x-collection-field":"leaves.manager_approval","x-component-props":{"style":{"width":"100%"}}}},"name":"ad8culxjagn"}},"name":"8hdldud3rfo"}}},"collection":"leaves","params":{"individualHooks":false,"filter":{"$and":[{"id":{"$eq":"{{$context.data.f_w86ybs4flgx}}"}}]},"values":{"manager_approval":"{{$context.data.approval_status}}"}}}
[32m2024-10-03 16:05:43 [info]  execution (2) run instruction [update] for node (2) finished as status: 1[39m 
[34m2024-10-03 16:05:43 [debug] result of node                              [39m data=1
[34m2024-10-03 16:05:43 [debug] branch ended at node (2)                    [39m 
[32m2024-10-03 16:05:43 [info]  execution (2) exiting with status 1         [39m 
[32m2024-10-03 16:05:43 [info]  execution (2) finished with status: 1       [39m execution={"id":2,"context":{"data":{"createdAt":"2024-10-03T08:05:43.747Z","updatedAt":"2024-10-03T08:05:43.752Z","id":2,"approval_status":"approved","f_w86ybs4flgx":3,"createdById":1,"updatedById":1}},"key":"tyhakg4zkb8","eventKey":"258cd57c-e292-411e-8863-c63f9692a342","status":1,"workflowId":2,"updatedAt":"2024-10-03T08:05:43.784Z","createdAt":"2024-10-03T08:05:43.766Z"}
[32m2024-10-03 16:21:22 [info]  new event triggered, now events: 1          [39m 
[34m2024-10-03 16:21:22 [debug] event data:                                 [39m context={"data":{"createdAt":"2024-10-03T08:21:22.198Z","updatedAt":"2024-10-03T08:21:22.205Z","id":3,"approval_status":"pending","f_w86ybs4flgx":3,"createdById":1,"updatedById":1}}
[32m2024-10-03 16:21:22 [info]  preparing execution for event               [39m 
[32m2024-10-03 16:21:22 [info]  execution of workflow 2 created as 3        [39m 
[32m2024-10-03 16:21:22 [info]  pending execution (3) ready to process      [39m 
[32m2024-10-03 16:21:22 [info]  execution (3) starting...                   [39m 
[32m2024-10-03 16:21:22 [info]  execution (3) run instruction [update] for node (2)[39m 
[34m2024-10-03 16:21:22 [debug] config of node                              [39m data={"usingAssignFormSchema":true,"assignFormSchema":{"_isJSONSchemaObject":true,"version":"2.0","name":"avx9e7ej3fq","type":"void","x-component":"Grid","x-initializer":"assignFieldValuesForm:configureFields","properties":{"8hdldud3rfo":{"_isJSONSchemaObject":true,"version":"2.0","type":"void","x-component":"Grid.Row","properties":{"ad8culxjagn":{"_isJSONSchemaObject":true,"version":"2.0","type":"void","x-component":"Grid.Col","properties":{"manager_approval":{"_isJSONSchemaObject":true,"version":"2.0","type":"string","name":"manager_approval","title":"Manger Approval","x-toolbar":"FormItemSchemaToolbar","x-settings":"fieldSettings:FormItem","x-component":"AssignedField","x-decorator":"FormItem","x-collection-field":"leaves.manager_approval","x-component-props":{"style":{"width":"100%"}}}},"name":"ad8culxjagn"}},"name":"8hdldud3rfo"}}},"collection":"leaves","params":{"individualHooks":false,"filter":{"$and":[{"id":{"$eq":"{{$context.data.f_w86ybs4flgx}}"}}]},"values":{"manager_approval":"{{$context.data.approval_status}}"}}}
[32m2024-10-03 16:21:22 [info]  execution (3) run instruction [update] for node (2) finished as status: 1[39m 
[34m2024-10-03 16:21:22 [debug] result of node                              [39m data=1
[34m2024-10-03 16:21:22 [debug] branch ended at node (2)                    [39m 
[32m2024-10-03 16:21:22 [info]  execution (3) exiting with status 1         [39m 
[32m2024-10-03 16:21:22 [info]  execution (3) finished with status: 1       [39m execution={"id":3,"context":{"data":{"createdAt":"2024-10-03T08:21:22.198Z","updatedAt":"2024-10-03T08:21:22.205Z","id":3,"approval_status":"pending","f_w86ybs4flgx":3,"createdById":1,"updatedById":1}},"key":"tyhakg4zkb8","eventKey":"e3f85c94-2a16-4fe4-82c6-433365911769","status":1,"workflowId":2,"updatedAt":"2024-10-03T08:21:22.256Z","createdAt":"2024-10-03T08:21:22.234Z"}
[32m2024-10-03 16:21:29 [info]  new event triggered, now events: 1          [39m 
[34m2024-10-03 16:21:29 [debug] event data:                                 [39m context={"data":{"createdAt":"2024-10-03T08:21:29.231Z","updatedAt":"2024-10-03T08:21:29.235Z","id":4,"approval_status":"approved","f_w86ybs4flgx":4,"createdById":1,"updatedById":1}}
[32m2024-10-03 16:21:29 [info]  preparing execution for event               [39m 
[32m2024-10-03 16:21:29 [info]  execution of workflow 2 created as 4        [39m 
[32m2024-10-03 16:21:29 [info]  pending execution (4) ready to process      [39m 
[32m2024-10-03 16:21:29 [info]  execution (4) starting...                   [39m 
[32m2024-10-03 16:21:29 [info]  execution (4) run instruction [update] for node (2)[39m 
[34m2024-10-03 16:21:29 [debug] config of node                              [39m data={"usingAssignFormSchema":true,"assignFormSchema":{"_isJSONSchemaObject":true,"version":"2.0","name":"avx9e7ej3fq","type":"void","x-component":"Grid","x-initializer":"assignFieldValuesForm:configureFields","properties":{"8hdldud3rfo":{"_isJSONSchemaObject":true,"version":"2.0","type":"void","x-component":"Grid.Row","properties":{"ad8culxjagn":{"_isJSONSchemaObject":true,"version":"2.0","type":"void","x-component":"Grid.Col","properties":{"manager_approval":{"_isJSONSchemaObject":true,"version":"2.0","type":"string","name":"manager_approval","title":"Manger Approval","x-toolbar":"FormItemSchemaToolbar","x-settings":"fieldSettings:FormItem","x-component":"AssignedField","x-decorator":"FormItem","x-collection-field":"leaves.manager_approval","x-component-props":{"style":{"width":"100%"}}}},"name":"ad8culxjagn"}},"name":"8hdldud3rfo"}}},"collection":"leaves","params":{"individualHooks":false,"filter":{"$and":[{"id":{"$eq":"{{$context.data.f_w86ybs4flgx}}"}}]},"values":{"manager_approval":"{{$context.data.approval_status}}"}}}
[32m2024-10-03 16:21:29 [info]  execution (4) run instruction [update] for node (2) finished as status: 1[39m 
[34m2024-10-03 16:21:29 [debug] result of node                              [39m data=1
[34m2024-10-03 16:21:29 [debug] branch ended at node (2)                    [39m 
[32m2024-10-03 16:21:29 [info]  execution (4) exiting with status 1         [39m 
[32m2024-10-03 16:21:29 [info]  execution (4) finished with status: 1       [39m execution={"id":4,"context":{"data":{"createdAt":"2024-10-03T08:21:29.231Z","updatedAt":"2024-10-03T08:21:29.235Z","id":4,"approval_status":"approved","f_w86ybs4flgx":4,"createdById":1,"updatedById":1}},"key":"tyhakg4zkb8","eventKey":"a4ab3e7c-d82e-41d5-a504-e51f7f8f6fac","status":1,"workflowId":2,"updatedAt":"2024-10-03T08:21:29.253Z","createdAt":"2024-10-03T08:21:29.242Z"}
[32m2024-10-03 17:55:45 [info]  new event triggered, now events: 1          [39m 
[34m2024-10-03 17:55:45 [debug] event data:                                 [39m context={"data":{"createdAt":"2024-10-03T09:55:44.997Z","updatedAt":"2024-10-03T09:55:45.001Z","id":7,"approval_status":"approved","f_w86ybs4flgx":3,"createdById":1,"updatedById":1}}
[32m2024-10-03 17:55:45 [info]  preparing execution for event               [39m 
[32m2024-10-03 17:55:45 [info]  execution of workflow 2 created as 6        [39m 
[32m2024-10-03 17:55:45 [info]  pending execution (6) ready to process      [39m 
[32m2024-10-03 17:55:45 [info]  execution (6) starting...                   [39m 
[32m2024-10-03 17:55:45 [info]  execution (6) run instruction [update] for node (2)[39m 
[34m2024-10-03 17:55:45 [debug] config of node                              [39m data={"usingAssignFormSchema":true,"assignFormSchema":{"_isJSONSchemaObject":true,"version":"2.0","name":"avx9e7ej3fq","type":"void","x-component":"Grid","x-initializer":"assignFieldValuesForm:configureFields","properties":{"8hdldud3rfo":{"_isJSONSchemaObject":true,"version":"2.0","type":"void","x-component":"Grid.Row","properties":{"ad8culxjagn":{"_isJSONSchemaObject":true,"version":"2.0","type":"void","x-component":"Grid.Col","properties":{"manager_approval":{"_isJSONSchemaObject":true,"version":"2.0","type":"string","name":"manager_approval","title":"Manger Approval","x-toolbar":"FormItemSchemaToolbar","x-settings":"fieldSettings:FormItem","x-component":"AssignedField","x-decorator":"FormItem","x-collection-field":"leaves.manager_approval","x-component-props":{"style":{"width":"100%"}}}},"name":"ad8culxjagn"}},"name":"8hdldud3rfo"}}},"collection":"leaves","params":{"individualHooks":false,"filter":{"$and":[{"id":{"$eq":"{{$context.data.f_w86ybs4flgx}}"}}]},"values":{"manager_approval":"{{$context.data.approval_status}}"}}}
[32m2024-10-03 17:55:45 [info]  execution (6) run instruction [update] for node (2) finished as status: 1[39m 
[34m2024-10-03 17:55:45 [debug] result of node                              [39m data=1
[34m2024-10-03 17:55:45 [debug] branch ended at node (2)                    [39m 
[32m2024-10-03 17:55:45 [info]  execution (6) exiting with status 1         [39m 
[32m2024-10-03 17:55:45 [info]  execution (6) finished with status: 1       [39m execution={"id":6,"context":{"data":{"createdAt":"2024-10-03T09:55:44.997Z","updatedAt":"2024-10-03T09:55:45.001Z","id":7,"approval_status":"approved","f_w86ybs4flgx":3,"createdById":1,"updatedById":1}},"key":"tyhakg4zkb8","eventKey":"5627ef6d-5123-405e-91ff-dcd62782bc59","status":1,"workflowId":2,"updatedAt":"2024-10-03T09:55:45.040Z","createdAt":"2024-10-03T09:55:45.018Z"}
[32m2024-10-03 18:03:39 [info]  new event triggered, now events: 1          [39m 
[34m2024-10-03 18:03:39 [debug] event data:                                 [39m context={"data":{"createdAt":"2024-10-03T10:03:39.332Z","updatedAt":"2024-10-03T10:03:39.336Z","id":8,"approval_status":"approved","f_w86ybs4flgx":5,"createdById":1,"updatedById":1}}
[32m2024-10-03 18:03:39 [info]  preparing execution for event               [39m 
[32m2024-10-03 18:03:39 [info]  execution of workflow 2 created as 8        [39m 
[32m2024-10-03 18:03:39 [info]  pending execution (8) ready to process      [39m 
[32m2024-10-03 18:03:39 [info]  execution (8) starting...                   [39m 
[32m2024-10-03 18:03:39 [info]  execution (8) run instruction [update] for node (2)[39m 
[34m2024-10-03 18:03:39 [debug] config of node                              [39m data={"usingAssignFormSchema":true,"assignFormSchema":{"_isJSONSchemaObject":true,"version":"2.0","name":"avx9e7ej3fq","type":"void","x-component":"Grid","x-initializer":"assignFieldValuesForm:configureFields","properties":{"8hdldud3rfo":{"_isJSONSchemaObject":true,"version":"2.0","type":"void","x-component":"Grid.Row","properties":{"ad8culxjagn":{"_isJSONSchemaObject":true,"version":"2.0","type":"void","x-component":"Grid.Col","properties":{"manager_approval":{"_isJSONSchemaObject":true,"version":"2.0","type":"string","name":"manager_approval","title":"Manger Approval","x-toolbar":"FormItemSchemaToolbar","x-settings":"fieldSettings:FormItem","x-component":"AssignedField","x-decorator":"FormItem","x-collection-field":"leaves.manager_approval","x-component-props":{"style":{"width":"100%"}}}},"name":"ad8culxjagn"}},"name":"8hdldud3rfo"}}},"collection":"leaves","params":{"individualHooks":false,"filter":{"$and":[{"id":{"$eq":"{{$context.data.f_w86ybs4flgx}}"}}]},"values":{"manager_approval":"{{$context.data.approval_status}}"}}}
[32m2024-10-03 18:03:39 [info]  execution (8) run instruction [update] for node (2) finished as status: 1[39m 
[34m2024-10-03 18:03:39 [debug] result of node                              [39m data=1
[34m2024-10-03 18:03:39 [debug] branch ended at node (2)                    [39m 
[32m2024-10-03 18:03:39 [info]  execution (8) exiting with status 1         [39m 
[32m2024-10-03 18:03:39 [info]  execution (8) finished with status: 1       [39m execution={"id":8,"context":{"data":{"createdAt":"2024-10-03T10:03:39.332Z","updatedAt":"2024-10-03T10:03:39.336Z","id":8,"approval_status":"approved","f_w86ybs4flgx":5,"createdById":1,"updatedById":1}},"key":"tyhakg4zkb8","eventKey":"bea62bfb-5a6c-4e86-813a-333abd52caee","status":1,"workflowId":2,"updatedAt":"2024-10-03T10:03:39.363Z","createdAt":"2024-10-03T10:03:39.347Z"}
[32m2024-10-03 18:04:07 [info]  new event triggered, now events: 1          [39m 
[34m2024-10-03 18:04:07 [debug] event data:                                 [39m context={"data":{"createdAt":"2024-10-03T10:04:07.266Z","updatedAt":"2024-10-03T10:04:07.269Z","id":9,"approval_status":"approved","f_w86ybs4flgx":5,"createdById":1,"updatedById":1}}
[32m2024-10-03 18:04:07 [info]  preparing execution for event               [39m 
[32m2024-10-03 18:04:07 [info]  execution of workflow 2 created as 9        [39m 
[32m2024-10-03 18:04:07 [info]  pending execution (9) ready to process      [39m 
[32m2024-10-03 18:04:07 [info]  execution (9) starting...                   [39m 
[32m2024-10-03 18:04:07 [info]  execution (9) run instruction [update] for node (2)[39m 
[34m2024-10-03 18:04:07 [debug] config of node                              [39m data={"usingAssignFormSchema":true,"assignFormSchema":{"_isJSONSchemaObject":true,"version":"2.0","name":"avx9e7ej3fq","type":"void","x-component":"Grid","x-initializer":"assignFieldValuesForm:configureFields","properties":{"8hdldud3rfo":{"_isJSONSchemaObject":true,"version":"2.0","type":"void","x-component":"Grid.Row","properties":{"ad8culxjagn":{"_isJSONSchemaObject":true,"version":"2.0","type":"void","x-component":"Grid.Col","properties":{"manager_approval":{"_isJSONSchemaObject":true,"version":"2.0","type":"string","name":"manager_approval","title":"Manger Approval","x-toolbar":"FormItemSchemaToolbar","x-settings":"fieldSettings:FormItem","x-component":"AssignedField","x-decorator":"FormItem","x-collection-field":"leaves.manager_approval","x-component-props":{"style":{"width":"100%"}}}},"name":"ad8culxjagn"}},"name":"8hdldud3rfo"}}},"collection":"leaves","params":{"individualHooks":false,"filter":{"$and":[{"id":{"$eq":"{{$context.data.f_w86ybs4flgx}}"}}]},"values":{"manager_approval":"{{$context.data.approval_status}}"}}}
[32m2024-10-03 18:04:07 [info]  execution (9) run instruction [update] for node (2) finished as status: 1[39m 
[34m2024-10-03 18:04:07 [debug] result of node                              [39m data=1
[34m2024-10-03 18:04:07 [debug] branch ended at node (2)                    [39m 
[32m2024-10-03 18:04:07 [info]  execution (9) exiting with status 1         [39m 
[32m2024-10-03 18:04:07 [info]  execution (9) finished with status: 1       [39m execution={"id":9,"context":{"data":{"createdAt":"2024-10-03T10:04:07.266Z","updatedAt":"2024-10-03T10:04:07.269Z","id":9,"approval_status":"approved","f_w86ybs4flgx":5,"createdById":1,"updatedById":1}},"key":"tyhakg4zkb8","eventKey":"26a64fe1-1226-499e-a380-cd4f1daf0982","status":1,"workflowId":2,"updatedAt":"2024-10-03T10:04:07.303Z","createdAt":"2024-10-03T10:04:07.284Z"}
[32m2024-10-03 18:06:39 [info]  new event triggered, now events: 1          [39m 
[34m2024-10-03 18:06:39 [debug] event data:                                 [39m context={"data":{"createdAt":"2024-10-03T10:06:39.798Z","updatedAt":"2024-10-03T10:06:39.802Z","id":11,"approval_status":"approved","f_w86ybs4flgx":5,"createdById":1,"updatedById":1}}
[32m2024-10-03 18:06:39 [info]  preparing execution for event               [39m 
[32m2024-10-03 18:06:39 [info]  execution of workflow 2 created as 13       [39m 
[32m2024-10-03 18:06:39 [info]  pending execution (13) ready to process     [39m 
[32m2024-10-03 18:06:39 [info]  execution (13) starting...                  [39m 
[32m2024-10-03 18:06:39 [info]  execution (13) run instruction [update] for node (2)[39m 
[34m2024-10-03 18:06:39 [debug] config of node                              [39m data={"usingAssignFormSchema":true,"assignFormSchema":{"_isJSONSchemaObject":true,"version":"2.0","name":"avx9e7ej3fq","type":"void","x-component":"Grid","x-initializer":"assignFieldValuesForm:configureFields","properties":{"8hdldud3rfo":{"_isJSONSchemaObject":true,"version":"2.0","type":"void","x-component":"Grid.Row","properties":{"ad8culxjagn":{"_isJSONSchemaObject":true,"version":"2.0","type":"void","x-component":"Grid.Col","properties":{"manager_approval":{"_isJSONSchemaObject":true,"version":"2.0","type":"string","name":"manager_approval","title":"Manger Approval","x-toolbar":"FormItemSchemaToolbar","x-settings":"fieldSettings:FormItem","x-component":"AssignedField","x-decorator":"FormItem","x-collection-field":"leaves.manager_approval","x-component-props":{"style":{"width":"100%"}}}},"name":"ad8culxjagn"}},"name":"8hdldud3rfo"}}},"collection":"leaves","params":{"individualHooks":false,"filter":{"$and":[{"id":{"$eq":"{{$context.data.f_w86ybs4flgx}}"}}]},"values":{"manager_approval":"{{$context.data.approval_status}}"}}}
[32m2024-10-03 18:06:39 [info]  execution (13) run instruction [update] for node (2) finished as status: 1[39m 
[34m2024-10-03 18:06:39 [debug] result of node                              [39m data=1
[34m2024-10-03 18:06:39 [debug] branch ended at node (2)                    [39m 
[32m2024-10-03 18:06:39 [info]  execution (13) exiting with status 1        [39m 
[32m2024-10-03 18:06:39 [info]  execution (13) finished with status: 1      [39m execution={"id":13,"context":{"data":{"createdAt":"2024-10-03T10:06:39.798Z","updatedAt":"2024-10-03T10:06:39.802Z","id":11,"approval_status":"approved","f_w86ybs4flgx":5,"createdById":1,"updatedById":1}},"key":"tyhakg4zkb8","eventKey":"d5b0a41f-94d2-4372-8078-021b013bc653","status":1,"workflowId":2,"updatedAt":"2024-10-03T10:06:39.826Z","createdAt":"2024-10-03T10:06:39.815Z"}
[32m2024-10-03 18:06:56 [info]  new event triggered, now events: 1          [39m 
[34m2024-10-03 18:06:56 [debug] event data:                                 [39m context={"data":{"createdAt":"2024-10-03T10:06:56.231Z","updatedAt":"2024-10-03T10:06:56.234Z","id":12,"approval_status":"approved","f_w86ybs4flgx":5,"createdById":1,"updatedById":1}}
[32m2024-10-03 18:06:56 [info]  preparing execution for event               [39m 
[32m2024-10-03 18:06:56 [info]  execution of workflow 2 created as 14       [39m 
[32m2024-10-03 18:06:56 [info]  pending execution (14) ready to process     [39m 
[32m2024-10-03 18:06:56 [info]  execution (14) starting...                  [39m 
[32m2024-10-03 18:06:56 [info]  execution (14) run instruction [update] for node (2)[39m 
[34m2024-10-03 18:06:56 [debug] config of node                              [39m data={"usingAssignFormSchema":true,"assignFormSchema":{"_isJSONSchemaObject":true,"version":"2.0","name":"avx9e7ej3fq","type":"void","x-component":"Grid","x-initializer":"assignFieldValuesForm:configureFields","properties":{"8hdldud3rfo":{"_isJSONSchemaObject":true,"version":"2.0","type":"void","x-component":"Grid.Row","properties":{"ad8culxjagn":{"_isJSONSchemaObject":true,"version":"2.0","type":"void","x-component":"Grid.Col","properties":{"manager_approval":{"_isJSONSchemaObject":true,"version":"2.0","type":"string","name":"manager_approval","title":"Manger Approval","x-toolbar":"FormItemSchemaToolbar","x-settings":"fieldSettings:FormItem","x-component":"AssignedField","x-decorator":"FormItem","x-collection-field":"leaves.manager_approval","x-component-props":{"style":{"width":"100%"}}}},"name":"ad8culxjagn"}},"name":"8hdldud3rfo"}}},"collection":"leaves","params":{"individualHooks":false,"filter":{"$and":[{"id":{"$eq":"{{$context.data.f_w86ybs4flgx}}"}}]},"values":{"manager_approval":"{{$context.data.approval_status}}"}}}
[32m2024-10-03 18:06:56 [info]  execution (14) run instruction [update] for node (2) finished as status: 1[39m 
[34m2024-10-03 18:06:56 [debug] result of node                              [39m data=1
[34m2024-10-03 18:06:56 [debug] branch ended at node (2)                    [39m 
[32m2024-10-03 18:06:56 [info]  execution (14) exiting with status 1        [39m 
[32m2024-10-03 18:06:56 [info]  execution (14) finished with status: 1      [39m execution={"id":14,"context":{"data":{"createdAt":"2024-10-03T10:06:56.231Z","updatedAt":"2024-10-03T10:06:56.234Z","id":12,"approval_status":"approved","f_w86ybs4flgx":5,"createdById":1,"updatedById":1}},"key":"tyhakg4zkb8","eventKey":"d0e6775b-dc87-4373-b78a-edf17fbf700f","status":1,"workflowId":2,"updatedAt":"2024-10-03T10:06:56.261Z","createdAt":"2024-10-03T10:06:56.248Z"}
[32m2024-10-03 18:11:31 [info]  new event triggered, now events: 1          [39m 
[34m2024-10-03 18:11:31 [debug] event data:                                 [39m context={"data":{"createdAt":"2024-10-03T10:11:31.143Z","updatedAt":"2024-10-03T10:11:31.147Z","id":13,"approval_status":"approved","f_w86ybs4flgx":5,"createdById":1,"updatedById":1}}
[32m2024-10-03 18:11:31 [info]  preparing execution for event               [39m 
[32m2024-10-03 18:11:31 [info]  execution of workflow 2 created as 16       [39m 
[32m2024-10-03 18:11:31 [info]  pending execution (16) ready to process     [39m 
[32m2024-10-03 18:11:31 [info]  execution (16) starting...                  [39m 
[32m2024-10-03 18:11:31 [info]  execution (16) run instruction [update] for node (2)[39m 
[34m2024-10-03 18:11:31 [debug] config of node                              [39m data={"usingAssignFormSchema":true,"assignFormSchema":{"_isJSONSchemaObject":true,"version":"2.0","name":"avx9e7ej3fq","type":"void","x-component":"Grid","x-initializer":"assignFieldValuesForm:configureFields","properties":{"8hdldud3rfo":{"_isJSONSchemaObject":true,"version":"2.0","type":"void","x-component":"Grid.Row","properties":{"ad8culxjagn":{"_isJSONSchemaObject":true,"version":"2.0","type":"void","x-component":"Grid.Col","properties":{"manager_approval":{"_isJSONSchemaObject":true,"version":"2.0","type":"string","name":"manager_approval","title":"Manger Approval","x-toolbar":"FormItemSchemaToolbar","x-settings":"fieldSettings:FormItem","x-component":"AssignedField","x-decorator":"FormItem","x-collection-field":"leaves.manager_approval","x-component-props":{"style":{"width":"100%"}}}},"name":"ad8culxjagn"}},"name":"8hdldud3rfo"}}},"collection":"leaves","params":{"individualHooks":false,"filter":{"$and":[{"id":{"$eq":"{{$context.data.f_w86ybs4flgx}}"}}]},"values":{"manager_approval":"{{$context.data.approval_status}}"}}}
[32m2024-10-03 18:11:31 [info]  execution (16) run instruction [update] for node (2) finished as status: 1[39m 
[34m2024-10-03 18:11:31 [debug] result of node                              [39m data=1
[34m2024-10-03 18:11:31 [debug] branch ended at node (2)                    [39m 
[32m2024-10-03 18:11:31 [info]  execution (16) exiting with status 1        [39m 
[32m2024-10-03 18:11:31 [info]  execution (16) finished with status: 1      [39m execution={"id":16,"context":{"data":{"createdAt":"2024-10-03T10:11:31.143Z","updatedAt":"2024-10-03T10:11:31.147Z","id":13,"approval_status":"approved","f_w86ybs4flgx":5,"createdById":1,"updatedById":1}},"key":"tyhakg4zkb8","eventKey":"5f971bf7-4911-48d9-aac1-889911752708","status":1,"workflowId":2,"updatedAt":"2024-10-03T10:11:31.182Z","createdAt":"2024-10-03T10:11:31.166Z"}
[32m2024-10-03 18:11:46 [info]  new event triggered, now events: 1          [39m 
[34m2024-10-03 18:11:46 [debug] event data:                                 [39m context={"data":{"createdAt":"2024-10-03T10:11:46.104Z","updatedAt":"2024-10-03T10:11:46.108Z","id":14,"approval_status":"rejected","f_w86ybs4flgx":5,"createdById":1,"updatedById":1}}
[32m2024-10-03 18:11:46 [info]  preparing execution for event               [39m 
[32m2024-10-03 18:11:46 [info]  execution of workflow 2 created as 18       [39m 
[32m2024-10-03 18:11:46 [info]  pending execution (18) ready to process     [39m 
[32m2024-10-03 18:11:46 [info]  execution (18) starting...                  [39m 
[32m2024-10-03 18:11:46 [info]  execution (18) run instruction [update] for node (2)[39m 
[34m2024-10-03 18:11:46 [debug] config of node                              [39m data={"usingAssignFormSchema":true,"assignFormSchema":{"_isJSONSchemaObject":true,"version":"2.0","name":"avx9e7ej3fq","type":"void","x-component":"Grid","x-initializer":"assignFieldValuesForm:configureFields","properties":{"8hdldud3rfo":{"_isJSONSchemaObject":true,"version":"2.0","type":"void","x-component":"Grid.Row","properties":{"ad8culxjagn":{"_isJSONSchemaObject":true,"version":"2.0","type":"void","x-component":"Grid.Col","properties":{"manager_approval":{"_isJSONSchemaObject":true,"version":"2.0","type":"string","name":"manager_approval","title":"Manger Approval","x-toolbar":"FormItemSchemaToolbar","x-settings":"fieldSettings:FormItem","x-component":"AssignedField","x-decorator":"FormItem","x-collection-field":"leaves.manager_approval","x-component-props":{"style":{"width":"100%"}}}},"name":"ad8culxjagn"}},"name":"8hdldud3rfo"}}},"collection":"leaves","params":{"individualHooks":false,"filter":{"$and":[{"id":{"$eq":"{{$context.data.f_w86ybs4flgx}}"}}]},"values":{"manager_approval":"{{$context.data.approval_status}}"}}}
[32m2024-10-03 18:11:46 [info]  execution (18) run instruction [update] for node (2) finished as status: 1[39m 
[34m2024-10-03 18:11:46 [debug] result of node                              [39m data=1
[34m2024-10-03 18:11:46 [debug] branch ended at node (2)                    [39m 
[32m2024-10-03 18:11:46 [info]  execution (18) exiting with status 1        [39m 
[32m2024-10-03 18:11:46 [info]  execution (18) finished with status: 1      [39m execution={"id":18,"context":{"data":{"createdAt":"2024-10-03T10:11:46.104Z","updatedAt":"2024-10-03T10:11:46.108Z","id":14,"approval_status":"rejected","f_w86ybs4flgx":5,"createdById":1,"updatedById":1}},"key":"tyhakg4zkb8","eventKey":"e73464d7-a936-45a5-bc0e-2a3b8ec7533c","status":1,"workflowId":2,"updatedAt":"2024-10-03T10:11:46.141Z","createdAt":"2024-10-03T10:11:46.121Z"}
